2020-07-07 03:48:18,616 [INFO] Activator:176 - 


2020-07-07 03:48:18,622 [INFO] Activator:177 - !SESSION log4j initialized
2020-07-07 03:48:41,482 [INFO] ApplicationProperties:181 - Using Application install path: C:\ST\STM32CubeIDE_1.3.0\STM32CubeIDE\plugins\com.st.stm32cube.common.mx_5.6.0.202002181639
2020-07-07 03:48:41,508 [INFO] DbMcusXml:72 - Set database path to: C:\ST\STM32CubeIDE_1.3.0\STM32CubeIDE\plugins\com.st.stm32cube.common.mx_5.6.0.202002181639\\db\/mcu/
2020-07-07 03:48:41,515 [INFO] DbBoardsPdsc:54 - Set plugin database path to: C:\ST\STM32CubeIDE_1.3.0\STM32CubeIDE\plugins\com.st.stm32cube.common.mx_5.6.0.202002181639\\db\/plugins/boardmanager/
2020-07-07 03:48:41,516 [INFO] DbMcus:235 - Set plugin images path to: C:\ST\STM32CubeIDE_1.3.0\STM32CubeIDE\plugins\com.st.stm32cube.common.mx_5.6.0.202002181639\\db\/plugins/mcufinder/images/
2020-07-07 03:48:41,516 [INFO] DbBoards:232 - Set plugin images path to: C:\ST\STM32CubeIDE_1.3.0\STM32CubeIDE\plugins\com.st.stm32cube.common.mx_5.6.0.202002181639\\db\/plugins/mcufinder/images/
2020-07-07 03:48:41,884 [WARN] ApiFinderProperties:106 - C:\Users\tlswh\.stmcufinder\plugins\mcufinder\mcu\mcuFinder.mfd doesn't exist
2020-07-07 03:48:41,890 [INFO] DbMcusAds:85 - Set database path to: C:\Users\tlswh\.stmcufinder\plugins\mcufinder//mcu/
2020-07-07 03:48:41,892 [INFO] DbMcusDocs:108 - Set database path to: C:\Users\tlswh\.stmcufinder\plugins\mcufinder//mcu/
2020-07-07 03:48:41,895 [INFO] DbMcusJson:61 - Set database path to: C:\Users\tlswh\.stmcufinder\plugins\mcufinder//mcu/
2020-07-07 03:48:41,896 [INFO] DbBoardsDocs:97 - Set database path to: C:\Users\tlswh\.stmcufinder\plugins\mcufinder//mcu/
2020-07-07 03:48:41,898 [INFO] DbBoardsJson:51 - Set database path to: C:\Users\tlswh\.stmcufinder\plugins\mcufinder//mcu/
2020-07-07 03:48:42,026 [INFO] CrossReferenceDbSqlite:197 - Set database path to: C:\Users\tlswh\.stmcufinder\plugins\mcufinder//mcu/cs/
2020-07-07 03:48:42,528 [INFO] RulesReader:52 - Compatibility file has been processed (208 Rules)
2020-07-07 03:48:42,760 [INFO] MicroXplorer:570 - Detected Java Version = 1.8.0_242
2020-07-07 03:48:42,761 [INFO] DbMcusXml:72 - Set database path to: C:\ST\STM32CubeIDE_1.3.0\STM32CubeIDE\plugins\com.st.stm32cube.common.mx_5.6.0.202002181639\\db\/mcu/
2020-07-07 03:48:42,762 [INFO] DbBoardsPdsc:54 - Set plugin database path to: C:\ST\STM32CubeIDE_1.3.0\STM32CubeIDE\plugins\com.st.stm32cube.common.mx_5.6.0.202002181639\\db\/plugins/boardmanager/
2020-07-07 03:48:42,763 [INFO] DbMcus:235 - Set plugin images path to: C:\ST\STM32CubeIDE_1.3.0\STM32CubeIDE\plugins\com.st.stm32cube.common.mx_5.6.0.202002181639\\db\/plugins/mcufinder/images/
2020-07-07 03:48:42,764 [INFO] DbBoards:232 - Set plugin images path to: C:\ST\STM32CubeIDE_1.3.0\STM32CubeIDE\plugins\com.st.stm32cube.common.mx_5.6.0.202002181639\\db\/plugins/mcufinder/images/
2020-07-07 03:48:42,765 [WARN] DbFile:36 - Overriding database path with different value: C:\Users\tlswh\.stmcufinder\plugins\mcufinder/ => C:\Users\tlswh\.stmcufinder\plugins\mcufinder
2020-07-07 03:48:42,765 [INFO] DbMcusAds:85 - Set database path to: C:\Users\tlswh\.stmcufinder\plugins\mcufinder//mcu/
2020-07-07 03:48:42,765 [WARN] DbFile:36 - Overriding database path with different value: C:\Users\tlswh\.stmcufinder\plugins\mcufinder/ => C:\Users\tlswh\.stmcufinder\plugins\mcufinder
2020-07-07 03:48:42,766 [INFO] DbMcusDocs:108 - Set database path to: C:\Users\tlswh\.stmcufinder\plugins\mcufinder//mcu/
2020-07-07 03:48:42,766 [WARN] DbFile:36 - Overriding database path with different value: C:\Users\tlswh\.stmcufinder\plugins\mcufinder/ => C:\Users\tlswh\.stmcufinder\plugins\mcufinder
2020-07-07 03:48:42,767 [INFO] DbMcusJson:61 - Set database path to: C:\Users\tlswh\.stmcufinder\plugins\mcufinder//mcu/
2020-07-07 03:48:42,767 [WARN] DbFile:36 - Overriding database path with different value: C:\Users\tlswh\.stmcufinder\plugins\mcufinder/ => C:\Users\tlswh\.stmcufinder\plugins\mcufinder
2020-07-07 03:48:42,767 [INFO] DbBoardsDocs:97 - Set database path to: C:\Users\tlswh\.stmcufinder\plugins\mcufinder//mcu/
2020-07-07 03:48:42,768 [WARN] DbFile:36 - Overriding database path with different value: C:\Users\tlswh\.stmcufinder\plugins\mcufinder/ => C:\Users\tlswh\.stmcufinder\plugins\mcufinder
2020-07-07 03:48:42,769 [INFO] DbBoardsJson:51 - Set database path to: C:\Users\tlswh\.stmcufinder\plugins\mcufinder//mcu/
2020-07-07 03:48:42,769 [WARN] DbFile:36 - Overriding database path with different value: C:\Users\tlswh\.stmcufinder\plugins\mcufinder/ => C:\Users\tlswh\.stmcufinder\plugins\mcufinder
2020-07-07 03:48:42,770 [WARN] DbFile:36 - Overriding database path with different value: C:\Users\tlswh\.stmcufinder\plugins\mcufinder/ => C:\Users\tlswh\.stmcufinder\plugins\mcufinder
2020-07-07 03:48:42,770 [INFO] CrossReferenceDbSqlite:197 - Set database path to: C:\Users\tlswh\.stmcufinder\plugins\mcufinder//mcu/cs/
2020-07-07 03:48:42,917 [INFO] MainPanel:181 - HeapMemory: 315621376
2020-07-07 03:48:43,069 [INFO] DbMcusXml:72 - Set database path to: C:\ST\STM32CubeIDE_1.3.0\STM32CubeIDE\plugins\com.st.stm32cube.common.mx_5.6.0.202002181639\\db\/mcu/
2020-07-07 03:48:43,069 [INFO] DbBoardsPdsc:54 - Set plugin database path to: C:\ST\STM32CubeIDE_1.3.0\STM32CubeIDE\plugins\com.st.stm32cube.common.mx_5.6.0.202002181639\\db\/plugins/boardmanager/
2020-07-07 03:48:43,069 [INFO] DbMcus:235 - Set plugin images path to: C:\ST\STM32CubeIDE_1.3.0\STM32CubeIDE\plugins\com.st.stm32cube.common.mx_5.6.0.202002181639\\db\/plugins/mcufinder/images/
2020-07-07 03:48:43,070 [INFO] DbBoards:232 - Set plugin images path to: C:\ST\STM32CubeIDE_1.3.0\STM32CubeIDE\plugins\com.st.stm32cube.common.mx_5.6.0.202002181639\\db\/plugins/mcufinder/images/
2020-07-07 03:48:43,071 [WARN] DbFile:36 - Overriding database path with different value: C:\Users\tlswh\.stmcufinder\plugins\mcufinder/ => C:\Users\tlswh\.stmcufinder\plugins\mcufinder
2020-07-07 03:48:43,071 [INFO] DbMcusAds:85 - Set database path to: C:\Users\tlswh\.stmcufinder\plugins\mcufinder//mcu/
2020-07-07 03:48:43,071 [WARN] DbFile:36 - Overriding database path with different value: C:\Users\tlswh\.stmcufinder\plugins\mcufinder/ => C:\Users\tlswh\.stmcufinder\plugins\mcufinder
2020-07-07 03:48:43,072 [INFO] DbMcusDocs:108 - Set database path to: C:\Users\tlswh\.stmcufinder\plugins\mcufinder//mcu/
2020-07-07 03:48:43,072 [WARN] DbFile:36 - Overriding database path with different value: C:\Users\tlswh\.stmcufinder\plugins\mcufinder/ => C:\Users\tlswh\.stmcufinder\plugins\mcufinder
2020-07-07 03:48:43,073 [INFO] DbMcusJson:61 - Set database path to: C:\Users\tlswh\.stmcufinder\plugins\mcufinder//mcu/
2020-07-07 03:48:43,073 [WARN] DbFile:36 - Overriding database path with different value: C:\Users\tlswh\.stmcufinder\plugins\mcufinder/ => C:\Users\tlswh\.stmcufinder\plugins\mcufinder
2020-07-07 03:48:43,073 [INFO] DbBoardsDocs:97 - Set database path to: C:\Users\tlswh\.stmcufinder\plugins\mcufinder//mcu/
2020-07-07 03:48:43,073 [WARN] DbFile:36 - Overriding database path with different value: C:\Users\tlswh\.stmcufinder\plugins\mcufinder/ => C:\Users\tlswh\.stmcufinder\plugins\mcufinder
2020-07-07 03:48:43,074 [INFO] DbBoardsJson:51 - Set database path to: C:\Users\tlswh\.stmcufinder\plugins\mcufinder//mcu/
2020-07-07 03:48:43,074 [WARN] DbFile:36 - Overriding database path with different value: C:\Users\tlswh\.stmcufinder\plugins\mcufinder/ => C:\Users\tlswh\.stmcufinder\plugins\mcufinder
2020-07-07 03:48:43,074 [WARN] DbFile:36 - Overriding database path with different value: C:\Users\tlswh\.stmcufinder\plugins\mcufinder/ => C:\Users\tlswh\.stmcufinder\plugins\mcufinder
2020-07-07 03:48:43,074 [INFO] CrossReferenceDbSqlite:197 - Set database path to: C:\Users\tlswh\.stmcufinder\plugins\mcufinder//mcu/cs/
2020-07-07 03:48:43,112 [INFO] ApplicationProperties:181 - Using Application install path: C:\ST\STM32CubeIDE_1.3.0\STM32CubeIDE\plugins\com.st.stm32cube.common.mx_5.6.0.202002181639
2020-07-07 03:48:43,115 [INFO] PluginManage:178 - Search for loadable plugins [exclusion list=, tutovideos]
2020-07-07 03:48:43,119 [INFO] PluginManage:292 - Check plugin analytics
2020-07-07 03:48:43,150 [INFO] PluginManage:342 - Loaded plugin analytics (category:tool,tabindex:-1)
2020-07-07 03:48:43,151 [INFO] PluginManage:292 - Check plugin clock
2020-07-07 03:48:43,186 [INFO] PluginManage:342 - Loaded plugin clock (category:base,tabindex:2)
2020-07-07 03:48:43,187 [INFO] PluginManage:292 - Check plugin ddr
2020-07-07 03:48:43,191 [INFO] PluginManage:342 - Loaded plugin ddr (category:tool,tabindex:6)
2020-07-07 03:48:43,192 [INFO] PluginManage:292 - Check plugin filemanager
2020-07-07 03:48:43,409 [INFO] PluginManage:342 - Loaded plugin filemanager (category:base,tabindex:10)
2020-07-07 03:48:43,410 [INFO] PluginManage:292 - Check plugin ipmanager
2020-07-07 03:48:43,434 [INFO] PluginManage:342 - Loaded plugin ipmanager (category:base,tabindex:5)
2020-07-07 03:48:43,434 [INFO] PluginManage:292 - Check plugin pinoutandconfiguration
2020-07-07 03:48:43,471 [INFO] PluginManage:342 - Loaded plugin pinoutandconfiguration (category:base,tabindex:1)
2020-07-07 03:48:43,471 [INFO] PluginManage:292 - Check plugin pinoutconfig
2020-07-07 03:48:43,529 [INFO] PluginManage:342 - Loaded plugin pinoutconfig (category:base,tabindex:0)
2020-07-07 03:48:43,529 [INFO] PluginManage:292 - Check plugin power
2020-07-07 03:48:43,561 [INFO] PluginManage:342 - Loaded plugin power (category:power,tabindex:4)
2020-07-07 03:48:43,562 [INFO] PluginManage:292 - Check plugin projectmanager
2020-07-07 03:48:43,589 [INFO] PluginManage:342 - Loaded plugin projectmanager (category:projectmanager,tabindex:3)
2020-07-07 03:48:43,589 [INFO] PluginManage:292 - Check plugin thirdparty
2020-07-07 03:48:43,644 [INFO] ThirdPartyDb:295 - Open Third Party DataBase File (C:/Users/tlswh/.stm32cubemx/plugins/thirdparty/db/thirdparties_db.xml) : 0 ms. number of Sw pack : 0
2020-07-07 03:48:43,658 [INFO] PluginManage:342 - Loaded plugin thirdparty (category:base,tabindex:-1)
2020-07-07 03:48:43,659 [INFO] PluginManage:292 - Check plugin tools
2020-07-07 03:48:43,696 [INFO] PluginManage:342 - Loaded plugin tools (category:base,tabindex:7)
2020-07-07 03:48:43,697 [INFO] PluginManage:292 - Check plugin tutovideos
2020-07-07 03:48:43,836 [INFO] PluginManage:347 - Ignore plugin tutovideos (category:base)
2020-07-07 03:48:43,836 [INFO] PluginManage:292 - Check plugin updater
2020-07-07 03:48:43,855 [INFO] PluginManage:342 - Loaded plugin updater (category:base,tabindex:12)
2020-07-07 03:48:43,856 [INFO] PluginManage:265 - PluginManage : Loaded plugins [12]
2020-07-07 03:48:44,211 [INFO] PinOutPanel:1420 - setPackage(No Configuration,No Configuration)
2020-07-07 03:48:44,404 [INFO] IPUIPlugin:65 - create IPUIPlugin
2020-07-07 03:48:44,405 [INFO] PluginManager:200 - loadIPPluginJar : add adc
2020-07-07 03:48:44,458 [INFO] IPUIPlugin:65 - create IPUIPlugin
2020-07-07 03:48:44,458 [INFO] PluginManager:200 - loadIPPluginJar : add aes
2020-07-07 03:48:44,538 [INFO] IPUIPlugin:65 - create IPUIPlugin
2020-07-07 03:48:44,539 [INFO] PluginManager:200 - loadIPPluginJar : add can
2020-07-07 03:48:44,577 [INFO] IPUIPlugin:65 - create IPUIPlugin
2020-07-07 03:48:44,578 [INFO] PluginManager:200 - loadIPPluginJar : add comp
2020-07-07 03:48:44,626 [INFO] IPUIPlugin:65 - create IPUIPlugin
2020-07-07 03:48:44,626 [INFO] PluginManager:200 - loadIPPluginJar : add cryp
2020-07-07 03:48:44,748 [INFO] IPUIPlugin:65 - create IPUIPlugin
2020-07-07 03:48:44,749 [INFO] PluginManager:200 - loadIPPluginJar : add dfsdm
2020-07-07 03:48:44,778 [INFO] IPUIPlugin:65 - create IPUIPlugin
2020-07-07 03:48:44,779 [INFO] PluginManager:200 - loadIPPluginJar : add dma
2020-07-07 03:48:44,819 [INFO] IPUIPlugin:65 - create IPUIPlugin
2020-07-07 03:48:44,819 [INFO] PluginManager:200 - loadIPPluginJar : add fatfs
2020-07-07 03:48:44,947 [INFO] IPUIPlugin:65 - create IPUIPlugin
2020-07-07 03:48:44,947 [INFO] PluginManager:200 - loadIPPluginJar : add fmc
2020-07-07 03:48:44,972 [INFO] IPUIPlugin:65 - create IPUIPlugin
2020-07-07 03:48:44,973 [INFO] PluginManager:200 - loadIPPluginJar : add freertos
2020-07-07 03:48:45,001 [INFO] IPUIPlugin:65 - create IPUIPlugin
2020-07-07 03:48:45,002 [INFO] PluginManager:200 - loadIPPluginJar : add genericplugin
2020-07-07 03:48:45,129 [INFO] IPUIPlugin:65 - create IPUIPlugin
2020-07-07 03:48:45,130 [INFO] PluginManager:200 - loadIPPluginJar : add gfxmmu
2020-07-07 03:48:45,307 [INFO] IPUIPlugin:65 - create IPUIPlugin
2020-07-07 03:48:45,307 [INFO] PluginManager:200 - loadIPPluginJar : add gic
2020-07-07 03:48:45,326 [INFO] IPUIPlugin:65 - create IPUIPlugin
2020-07-07 03:48:45,326 [INFO] PluginManager:200 - loadIPPluginJar : add gpio
2020-07-07 03:48:45,418 [INFO] IPUIPlugin:65 - create IPUIPlugin
2020-07-07 03:48:45,419 [INFO] PluginManager:200 - loadIPPluginJar : add gtzc
2020-07-07 03:48:45,464 [INFO] IPUIPlugin:65 - create IPUIPlugin
2020-07-07 03:48:45,464 [INFO] PluginManager:200 - loadIPPluginJar : add hash
2020-07-07 03:48:45,540 [INFO] IPUIPlugin:65 - create IPUIPlugin
2020-07-07 03:48:45,540 [INFO] PluginManager:200 - loadIPPluginJar : add i2c
2020-07-07 03:48:45,600 [INFO] IPUIPlugin:65 - create IPUIPlugin
2020-07-07 03:48:45,601 [INFO] PluginManager:200 - loadIPPluginJar : add i2s
2020-07-07 03:48:45,787 [INFO] IPUIPlugin:65 - create IPUIPlugin
2020-07-07 03:48:45,788 [INFO] PluginManager:200 - loadIPPluginJar : add ipddr
2020-07-07 03:48:45,839 [INFO] IPUIPlugin:65 - create IPUIPlugin
2020-07-07 03:48:45,840 [INFO] PluginManager:200 - loadIPPluginJar : add ltdc
2020-07-07 03:48:45,858 [INFO] IPUIPlugin:65 - create IPUIPlugin
2020-07-07 03:48:45,858 [INFO] PluginManager:200 - loadIPPluginJar : add mdma
2020-07-07 03:48:45,877 [INFO] IPUIPlugin:65 - create IPUIPlugin
2020-07-07 03:48:45,877 [INFO] PluginManager:200 - loadIPPluginJar : add nvic
2020-07-07 03:48:45,923 [INFO] IPUIPlugin:65 - create IPUIPlugin
2020-07-07 03:48:45,924 [INFO] PluginManager:200 - loadIPPluginJar : add opamp
2020-07-07 03:48:45,985 [INFO] IPUIPlugin:65 - create IPUIPlugin
2020-07-07 03:48:45,986 [INFO] PluginManager:200 - loadIPPluginJar : add pdm2pcm
2020-07-07 03:48:46,010 [INFO] IPUIPlugin:65 - create IPUIPlugin
2020-07-07 03:48:46,015 [INFO] PluginManager:200 - loadIPPluginJar : add plateformsettings
2020-07-07 03:48:46,049 [INFO] IPUIPlugin:65 - create IPUIPlugin
2020-07-07 03:48:46,050 [INFO] PluginManager:200 - loadIPPluginJar : add quadspi
2020-07-07 03:48:46,067 [INFO] IPUIPlugin:65 - create IPUIPlugin
2020-07-07 03:48:46,067 [INFO] PluginManager:200 - loadIPPluginJar : add resmgrutility
2020-07-07 03:48:46,145 [INFO] IPUIPlugin:65 - create IPUIPlugin
2020-07-07 03:48:46,145 [INFO] PluginManager:200 - loadIPPluginJar : add sai
2020-07-07 03:48:46,198 [INFO] IPUIPlugin:65 - create IPUIPlugin
2020-07-07 03:48:46,198 [INFO] PluginManager:200 - loadIPPluginJar : add spi
2020-07-07 03:48:46,265 [INFO] IPUIPlugin:65 - create IPUIPlugin
2020-07-07 03:48:46,266 [INFO] PluginManager:200 - loadIPPluginJar : add stm32_wpan
2020-07-07 03:48:46,298 [INFO] IPUIPlugin:65 - create IPUIPlugin
2020-07-07 03:48:46,298 [INFO] PluginManager:200 - loadIPPluginJar : add tim
2020-07-07 03:48:46,409 [INFO] IPUIPlugin:65 - create IPUIPlugin
2020-07-07 03:48:46,411 [INFO] PluginManager:200 - loadIPPluginJar : add touchsensing
2020-07-07 03:48:46,465 [INFO] IPUIPlugin:65 - create IPUIPlugin
2020-07-07 03:48:46,466 [INFO] PluginManager:200 - loadIPPluginJar : add tracer_emb
2020-07-07 03:48:46,539 [INFO] IPUIPlugin:65 - create IPUIPlugin
2020-07-07 03:48:46,540 [INFO] PluginManager:200 - loadIPPluginJar : add ts
2020-07-07 03:48:46,580 [INFO] IPUIPlugin:65 - create IPUIPlugin
2020-07-07 03:48:46,580 [INFO] PluginManager:200 - loadIPPluginJar : add tsc
2020-07-07 03:48:46,645 [INFO] IPUIPlugin:65 - create IPUIPlugin
2020-07-07 03:48:46,647 [INFO] PluginManager:200 - loadIPPluginJar : add ucpd
2020-07-07 03:48:46,739 [INFO] IPUIPlugin:65 - create IPUIPlugin
2020-07-07 03:48:46,740 [INFO] PluginManager:200 - loadIPPluginJar : add usart
2020-07-07 03:48:48,820 [INFO] BoardConnectionPanel:3472 - [DDR PANEL] STM32CubeIDE environment
2020-07-07 03:48:48,824 [INFO] MainDdrPanel:103 - [DDR PANEL] GETTER - cubeProgrammerPath is: null
2020-07-07 03:48:49,429 [FATAL] Updater:277 - Updater called before beeing initialized
2020-07-07 03:48:49,671 [FATAL] Updater:277 - Updater called before beeing initialized
2020-07-07 03:48:49,672 [ERROR] IntegrityCheckThread:252 - Cannot obtain thirdParties list 21
2020-07-07 03:48:49,672 [ERROR] IntegrityCheckThread:100 - Unexpected exception IntegrityCheckThread Thread: Updater error
2020-07-07 03:48:49,673 [INFO] ThirdPartyDb:261 - Close Third Party DataBase File (C:/Users/tlswh/.stm32cubemx/plugins/thirdparty/db/thirdparties_db.xml)
2020-07-07 03:48:50,105 [FATAL] Updater:277 - Updater called before beeing initialized
2020-07-07 03:48:50,114 [INFO] PinOutPanel:1420 - setPackage(No Configuration,No Configuration)
2020-07-07 03:48:50,115 [FATAL] Updater:277 - Updater called before beeing initialized
2020-07-07 03:48:50,128 [INFO] BoardConnectionPanel:3472 - [DDR PANEL] STM32CubeIDE environment
2020-07-07 03:48:50,129 [INFO] MainDdrPanel:103 - [DDR PANEL] GETTER - cubeProgrammerPath is: C:\ST\STM32CubeIDE_1.3.0\STM32CubeIDE\plugins\com.st.stm32cube.ide.mcu.externaltools.cubeprogrammer.win32_1.3.0.202002181050\tools\bin
2020-07-07 03:48:50,138 [INFO] ProgrammerExecThread:148 - [ProgrammerAPI] CubeProgrammer command construction: C:\ST\STM32CubeIDE_1.3.0\STM32CubeIDE\plugins\com.st.stm32cube.ide.mcu.externaltools.cubeprogrammer.win32_1.3.0.202002181050\tools\bin\STM32_Programmer_CLI.exe -l
2020-07-07 03:48:50,767 [INFO] MainDdrPanel:93 - [DDR PANEL] SETTER - Set cubeProgrammerPath to: C:\ST\STM32CubeIDE_1.3.0\STM32CubeIDE\plugins\com.st.stm32cube.ide.mcu.externaltools.cubeprogrammer.win32_1.3.0.202002181050\tools\bin
2020-07-07 03:48:50,833 [INFO] Updater:886 - Updater Version found : 5.6.0
2020-07-07 03:48:50,875 [INFO] ApplicationProperties:181 - Using Application install path: C:\ST\STM32CubeIDE_1.3.0\STM32CubeIDE\plugins\com.st.stm32cube.common.mx_5.6.0.202002181639
2020-07-07 03:48:50,956 [INFO] MainUpdater:452 - Copy updater definitions from MX database
2020-07-07 03:48:51,033 [INFO] MainUpdater:485 - Copy flag file definitions from MX database
2020-07-07 03:48:51,056 [INFO] MainUpdater:501 - Copy thirdparty index definitions from MX database
2020-07-07 03:48:51,082 [INFO] MainUpdater:520 - Copy default thirdparty db definitions from MX database
2020-07-07 03:48:51,835 [INFO] MainUpdater:2230 - connection check result : 10
2020-07-07 03:48:51,836 [INFO] MainUpdater:2874 - Updater definition file requires update
2020-07-07 03:48:51,838 [INFO] MainUpdater:236 - Updater Check For Update Now.
2020-07-07 03:48:51,839 [INFO] MicroXplorer:420 - Change Database Version : DB.5.0.60
2020-07-07 03:48:51,935 [INFO] ServerAccessManage:348 - Download File updaters.zip
2020-07-07 03:48:52,156 [INFO] FileExtend:225 - Unzip File : updaters.zip
2020-07-07 03:48:52,157 [INFO] FileExtend:240 - Standard Zip Deflate
2020-07-07 03:48:55,922 [INFO] ServerAccessManage:348 - Download File PacksControlFlags.xml
2020-07-07 03:48:56,657 [INFO] ServerAccessManage:348 - Download File cubemx.pidx
2020-07-07 03:48:57,514 [INFO] ServerAccessManage:348 - Download File STMicroelectronics.X-CUBE-AI.pdsc
2020-07-07 03:49:00,725 [INFO] ServerAccessManage:348 - Download File STMicroelectronics.X-CUBE-BLE1.pdsc
2020-07-07 03:49:01,918 [INFO] MainUpdater:2230 - connection check result : 10
2020-07-07 03:49:01,919 [INFO] LogOutputStream:76 - [STDOUT_REDIRECT] Successfull proxy connection.
2020-07-07 03:49:03,073 [INFO] McuFinderGlobals:40 - Set McuFinder mode to 2 (CubeIDE integrated)
2020-07-07 03:49:03,113 [INFO] FinderPluginLoader:86 - Searching for filters in installed packs
2020-07-07 03:49:03,116 [INFO] DbMcusXml:110 - Load MCU database from C:\ST\STM32CubeIDE_1.3.0\STM32CubeIDE\plugins\com.st.stm32cube.common.mx_5.6.0.202002181639\\db\/mcu/families.xml
2020-07-07 03:49:03,433 [ERROR] ServerAccessManage:947 - Problem, file not found on Server
2020-07-07 03:49:04,072 [INFO] ServerAccessManage:348 - Download File STMicroelectronics.X-CUBE-BLE2.pdsc
2020-07-07 03:49:04,890 [INFO] ServerAccessManage:348 - Download File STMicroelectronics.X-CUBE-GNSS1.pdsc
2020-07-07 03:49:05,365 [INFO] DbMcusJson:90 - JSON generation date=Wed Feb 12 00:02:54 KST 2020 (1581433374)
2020-07-07 03:49:07,096 [INFO] DbMcus:171 - Found 1670 MCUs (1625 are supported by CubeMX, 1625 are visible in CubeMX)
2020-07-07 03:49:07,098 [INFO] ApiDb:147 - User favorites file not found: C:\Users\tlswh/.stm32cubeide/favorites.mcus.txt
2020-07-07 03:49:07,098 [INFO] DbMcus:183 - Set 0 / 0 favorites MCUs
2020-07-07 03:49:08,398 [ERROR] ServerAccessManage:947 - Problem, file not found on Server
2020-07-07 03:49:09,039 [ERROR] ServerAccessManage:947 - Problem, file not found on Server
2020-07-07 03:49:09,064 [INFO] DbMcusAds:143 - JSON generation date=Thu Feb 21 01:46:15 KST 2019 (1550681175)
2020-07-07 03:49:09,065 [WARN] McuDetailPanel:184 - Failed to get advertising image, set to default
2020-07-07 03:49:09,680 [ERROR] ServerAccessManage:947 - Problem, file not found on Server
2020-07-07 03:49:09,928 [ERROR] DbUtils:100 - File not found: C:\Users\tlswh\.stmcufinder\plugins\mcufinder//mcu/mcusAds.json._tmp_
2020-07-07 03:49:09,928 [ERROR] DbFile:108 - Temporary file not found: C:\Users\tlswh\.stmcufinder\plugins\mcufinder\mcu\mcusAds.json._tmp_
2020-07-07 03:49:09,930 [ERROR] DbUtils:100 - File not found: C:\Users\tlswh\.stmcufinder\plugins\mcufinder//mcu/mcusDocs.json._tmp_
2020-07-07 03:49:09,930 [WARN] DbUtils:203 - Warning! success is not a boolean!
2020-07-07 03:49:09,932 [ERROR] DbMcusDocs:79 - No MCUs documents found !
2020-07-07 03:49:09,933 [ERROR] DbFile:108 - Temporary file not found: C:\Users\tlswh\.stmcufinder\plugins\mcufinder\mcu\mcusDocs.json._tmp_
2020-07-07 03:49:10,026 [INFO] DbMcusDocs:142 - JSON generation date=Wed Feb 12 00:02:54 KST 2020 (1581433374)
2020-07-07 03:49:10,450 [ERROR] ServerAccessManage:947 - Problem, file not found on Server
2020-07-07 03:49:10,535 [INFO] DbMcusDocs:77 - Found 571 MCUs documents
2020-07-07 03:49:10,539 [INFO] ApiDb:186 - Save user favorites file C:\Users\tlswh/.stm32cubeide/favorites.mcus.txt: 0 item(s)
2020-07-07 03:49:10,539 [INFO] ApiDb:191 - User favorites MCUs=[]
2020-07-07 03:49:10,540 [INFO] DbMcusXml:110 - Load MCU database from C:\ST\STM32CubeIDE_1.3.0\STM32CubeIDE\plugins\com.st.stm32cube.common.mx_5.6.0.202002181639\\db\/mcu/families.xml
2020-07-07 03:49:11,040 [ERROR] DbUtils:100 - File not found: C:\Users\tlswh\.stmcufinder\plugins\mcufinder//mcu/mcusFeaturesAndDescription.json._tmp_
2020-07-07 03:49:11,041 [WARN] DbUtils:203 - Warning! success is not a boolean!
2020-07-07 03:49:11,041 [ERROR] DbFile:108 - Temporary file not found: C:\Users\tlswh\.stmcufinder\plugins\mcufinder\mcu\mcusFeaturesAndDescription.json._tmp_
2020-07-07 03:49:11,046 [INFO] DbMcus:171 - Found 1670 MCUs (1625 are supported by CubeMX, 1625 are visible in CubeMX)
2020-07-07 03:49:11,048 [INFO] ApiDb:158 - Load user favorites file C:\Users\tlswh/.stm32cubeide/favorites.mcus.txt: 0 item(s)
2020-07-07 03:49:11,049 [INFO] ApiDb:163 - User favorites MCUs=[]
2020-07-07 03:49:11,049 [INFO] DbMcus:183 - Set 0 / 0 favorites MCUs
2020-07-07 03:49:11,135 [ERROR] ServerAccessManage:947 - Problem, file not found on Server
2020-07-07 03:49:11,194 [INFO] McuFilterPanel:249 - Update 0 favorites MCUs
2020-07-07 03:49:11,796 [ERROR] DbUtils:100 - File not found: C:\Users\tlswh\.stmcufinder\plugins\mcufinder//mcu/boardsDocs.json._tmp_
2020-07-07 03:49:11,797 [WARN] DbUtils:203 - Warning! success is not a boolean!
2020-07-07 03:49:11,797 [ERROR] DbBoardsDocs:72 - No boards documents found !
2020-07-07 03:49:11,797 [ERROR] DbFile:108 - Temporary file not found: C:\Users\tlswh\.stmcufinder\plugins\mcufinder\mcu\boardsDocs.json._tmp_
2020-07-07 03:49:11,837 [INFO] DbBoardsPdsc:92 - Found 22 items
2020-07-07 03:49:11,917 [ERROR] ServerAccessManage:947 - Problem, file not found on Server
2020-07-07 03:49:11,927 [INFO] DbBoardsPdsc:92 - Found 9 items
2020-07-07 03:49:11,963 [INFO] DbBoardsPdsc:92 - Found 28 items
2020-07-07 03:49:11,983 [INFO] DbBoardsPdsc:92 - Found 1 items
2020-07-07 03:49:12,011 [INFO] DbBoardsPdsc:92 - Found 40 items
2020-07-07 03:49:12,049 [INFO] DbBoardsPdsc:92 - Found 39 items
2020-07-07 03:49:12,068 [INFO] DbBoardsPdsc:92 - Found 2 items
2020-07-07 03:49:12,088 [INFO] DbBoardsPdsc:92 - Found 4 items
2020-07-07 03:49:12,096 [WARN] DbBoardsPdsc:256 - Board STM32H7B3I-DK: unknown feature type=Audio, name=, username=Audio stereo codec with Headphone Amp (CS42L51-CNZ), n=1
2020-07-07 03:49:12,097 [WARN] DbBoardsPdsc:256 - Board STM32H7B3I-DK: unknown feature type=WIFI, name=, username=WIFI 802.11 b/g/n, n=1
2020-07-07 03:49:12,099 [WARN] DbBoardsPdsc:256 - Board STM32H7B3I-EVAL: unknown feature type=Audio, name=, username=Multi-Channel Audio Codec (CS42L51-CNZ), n=1
2020-07-07 03:49:12,100 [WARN] DbBoardsPdsc:256 - Board STM32H7B3I-EVAL: unknown feature type=Meter, name=, username=Power-metering and Temperature-monitoring with sigma-delta modulators, n=1
2020-07-07 03:49:12,100 [WARN] DbBoardsPdsc:256 - Board STM32H7B3I-EVAL: unknown feature type=WIFI, name=, username=WIFI 802.11 a/b/g/n, n=1
2020-07-07 03:49:12,100 [WARN] DbBoardsPdsc:256 - Board STM32H7B3I-EVAL: unknown feature type=Motor, name=, username=Motor Control, n=1
2020-07-07 03:49:12,102 [ERROR] DbUtils:100 - File not found: C:\Users\tlswh\.stmcufinder\plugins\mcufinder//mcu/boards.json._tmp_
2020-07-07 03:49:12,102 [WARN] DbUtils:203 - Warning! success is not a boolean!
2020-07-07 03:49:12,103 [ERROR] DbFile:108 - Temporary file not found: C:\Users\tlswh\.stmcufinder\plugins\mcufinder\mcu\boards.json._tmp_
2020-07-07 03:49:12,103 [INFO] DbBoards:120 - Found 145 boards (142 are supported by CubeMX)
2020-07-07 03:49:12,114 [INFO] DbBoardsDocs:131 - JSON generation date=Wed Feb 12 00:02:54 KST 2020 (1581433374)
2020-07-07 03:49:12,125 [ERROR] DbBoardsDocs:72 - No boards documents found !
2020-07-07 03:49:12,145 [INFO] DbBoardsDocs:131 - JSON generation date=Wed Feb 12 00:02:54 KST 2020 (1581433374)
2020-07-07 03:49:12,153 [ERROR] DbBoardsDocs:72 - No boards documents found !
2020-07-07 03:49:12,154 [WARN] DbBoards:130 - board NUCLEO-F303ZE has no document id list !
2020-07-07 03:49:12,154 [WARN] DbBoards:130 - board NUCLEO-F207ZG has no document id list !
2020-07-07 03:49:12,154 [WARN] DbBoards:130 - board NUCLEO-F429ZI has no document id list !
2020-07-07 03:49:12,154 [WARN] DbBoards:130 - board NUCLEO-F439ZI has no document id list !
2020-07-07 03:49:12,155 [WARN] DbBoards:130 - board NUCLEO-F446ZE has no document id list !
2020-07-07 03:49:12,155 [WARN] DbBoards:130 - board NUCLEO-F746ZG has no document id list !
2020-07-07 03:49:12,155 [WARN] DbBoards:130 - board NUCLEO-F767ZI has no document id list !
2020-07-07 03:49:12,155 [WARN] DbBoards:130 - board NUCLEO-F412ZG has no document id list !
2020-07-07 03:49:12,155 [WARN] DbBoards:130 - board NUCLEO-F413ZH has no document id list !
2020-07-07 03:49:12,155 [WARN] DbBoards:130 - board NUCLEO-L496ZG has no document id list !
2020-07-07 03:49:12,156 [WARN] DbBoards:130 - board NUCLEO-L496ZG-P has no document id list !
2020-07-07 03:49:12,156 [WARN] DbBoards:130 - board NUCLEO-L4R5ZI has no document id list !
2020-07-07 03:49:12,156 [WARN] DbBoards:130 - board NUCLEO-L4R5ZI-P has no document id list !
2020-07-07 03:49:12,156 [WARN] DbBoards:130 - board NUCLEO-F722ZE has no document id list !
2020-07-07 03:49:12,156 [WARN] DbBoards:130 - board NUCLEO-H743ZI has no document id list !
2020-07-07 03:49:12,157 [WARN] DbBoards:130 - board NUCLEO-H743ZI2 has no document id list !
2020-07-07 03:49:12,157 [WARN] DbBoards:130 - board NUCLEO-H753ZI has no document id list !
2020-07-07 03:49:12,157 [WARN] DbBoards:130 - board NUCLEO-H745ZI-Q has no document id list !
2020-07-07 03:49:12,157 [WARN] DbBoards:130 - board NUCLEO-H755ZI-Q has no document id list !
2020-07-07 03:49:12,157 [WARN] DbBoards:130 - board NUCLEO-H7A3ZI-Q has no document id list !
2020-07-07 03:49:12,157 [WARN] DbBoards:130 - board NUCLEO-L552ZE-Q has no document id list !
2020-07-07 03:49:12,157 [WARN] DbBoards:130 - board NUCLEO-L4P5ZG has no document id list !
2020-07-07 03:49:12,158 [WARN] DbBoards:130 - board NUCLEO-F042K6 has no document id list !
2020-07-07 03:49:12,159 [WARN] DbBoards:130 - board NUCLEO-F031K6 has no document id list !
2020-07-07 03:49:12,159 [WARN] DbBoards:130 - board NUCLEO-F303K8 has no document id list !
2020-07-07 03:49:12,159 [WARN] DbBoards:130 - board NUCLEO-L031K6 has no document id list !
2020-07-07 03:49:12,159 [WARN] DbBoards:130 - board NUCLEO-L011K4 has no document id list !
2020-07-07 03:49:12,159 [WARN] DbBoards:130 - board NUCLEO-L432KC has no document id list !
2020-07-07 03:49:12,160 [WARN] DbBoards:130 - board NUCLEO-L412KB has no document id list !
2020-07-07 03:49:12,160 [WARN] DbBoards:130 - board NUCLEO-G431KB has no document id list !
2020-07-07 03:49:12,160 [WARN] DbBoards:130 - board NUCLEO-G031K8 has no document id list !
2020-07-07 03:49:12,160 [WARN] DbBoards:130 - board NUCLEO-F030R8 has no document id list !
2020-07-07 03:49:12,160 [WARN] DbBoards:130 - board NUCLEO-F070RB has no document id list !
2020-07-07 03:49:12,160 [WARN] DbBoards:130 - board NUCLEO-F072RB has no document id list !
2020-07-07 03:49:12,160 [WARN] DbBoards:130 - board NUCLEO-F091RC has no document id list !
2020-07-07 03:49:12,161 [WARN] DbBoards:130 - board NUCLEO-F103RB has no document id list !
2020-07-07 03:49:12,161 [WARN] DbBoards:130 - board NUCLEO-F302R8 has no document id list !
2020-07-07 03:49:12,161 [WARN] DbBoards:130 - board NUCLEO-F303RE has no document id list !
2020-07-07 03:49:12,161 [WARN] DbBoards:130 - board NUCLEO-F334R8 has no document id list !
2020-07-07 03:49:12,161 [WARN] DbBoards:130 - board NUCLEO-F401RE has no document id list !
2020-07-07 03:49:12,162 [WARN] DbBoards:130 - board NUCLEO-F411RE has no document id list !
2020-07-07 03:49:12,162 [WARN] DbBoards:130 - board NUCLEO-L053R8 has no document id list !
2020-07-07 03:49:12,162 [WARN] DbBoards:130 - board NUCLEO-L152RE has no document id list !
2020-07-07 03:49:12,162 [WARN] DbBoards:130 - board NUCLEO-F446RE has no document id list !
2020-07-07 03:49:12,162 [WARN] DbBoards:130 - board NUCLEO-L476RG has no document id list !
2020-07-07 03:49:12,162 [WARN] DbBoards:130 - board NUCLEO-F410RB has no document id list !
2020-07-07 03:49:12,163 [WARN] DbBoards:130 - board NUCLEO-L073RZ has no document id list !
2020-07-07 03:49:12,163 [WARN] DbBoards:130 - board NUCLEO-L010RB has no document id list !
2020-07-07 03:49:12,163 [WARN] DbBoards:130 - board NUCLEO-L452RE has no document id list !
2020-07-07 03:49:12,163 [WARN] DbBoards:130 - board NUCLEO-L452RE-P has no document id list !
2020-07-07 03:49:12,163 [WARN] DbBoards:130 - board NUCLEO-L433RC-P has no document id list !
2020-07-07 03:49:12,163 [WARN] DbBoards:130 - board NUCLEO-L412RB-P has no document id list !
2020-07-07 03:49:12,163 [WARN] DbBoards:130 - board NUCLEO-G071RB has no document id list !
2020-07-07 03:49:12,163 [WARN] DbBoards:130 - board NUCLEO-G070RB has no document id list !
2020-07-07 03:49:12,163 [WARN] DbBoards:130 - board P-NUCLEO-WB55-Nucleo has no document id list !
2020-07-07 03:49:12,163 [WARN] DbBoards:130 - board P-NUCLEO-WB55-USBDongle has no document id list !
2020-07-07 03:49:12,163 [WARN] DbBoards:130 - board NUCLEO-WB35CE has no document id list !
2020-07-07 03:49:12,163 [WARN] DbBoards:130 - board NUCLEO-G431RB has no document id list !
2020-07-07 03:49:12,164 [WARN] DbBoards:130 - board NUCLEO-G474RE has no document id list !
2020-07-07 03:49:12,164 [WARN] DbBoards:130 - board P-NUCLEO-WB55 has no document id list !
2020-07-07 03:49:12,164 [WARN] DbBoards:130 - board STM32F0DISCOVERY has no document id list !
2020-07-07 03:49:12,164 [WARN] DbBoards:130 - board STM32F0308-DISCO has no document id list !
2020-07-07 03:49:12,164 [WARN] DbBoards:130 - board STM32F072B-DISCO has no document id list !
2020-07-07 03:49:12,164 [WARN] DbBoards:130 - board STM32F3DISCOVERY has no document id list !
2020-07-07 03:49:12,165 [WARN] DbBoards:130 - board STM32F3348-DISCO has no document id list !
2020-07-07 03:49:12,165 [WARN] DbBoards:130 - board STM32F401C-DISCO has no document id list !
2020-07-07 03:49:12,165 [WARN] DbBoards:130 - board STM32F411E-DISCO has no document id list !
2020-07-07 03:49:12,165 [WARN] DbBoards:130 - board STM32F407G-DISC1 has no document id list !
2020-07-07 03:49:12,166 [WARN] DbBoards:130 - board STM32F429I-DISC1 has no document id list !
2020-07-07 03:49:12,166 [WARN] DbBoards:130 - board STM32F469I-DISCO has no document id list !
2020-07-07 03:49:12,166 [WARN] DbBoards:130 - board STM32F746G-DISCO has no document id list !
2020-07-07 03:49:12,166 [WARN] DbBoards:130 - board STM32F769I-DISCO has no document id list !
2020-07-07 03:49:12,166 [WARN] DbBoards:130 - board STM32F769I-DISC1 has no document id list !
2020-07-07 03:49:12,166 [WARN] DbBoards:130 - board STM32F723E-DISCO has no document id list !
2020-07-07 03:49:12,167 [WARN] DbBoards:130 - board B-G474E-DPOW1 has no document id list !
2020-07-07 03:49:12,167 [WARN] DbBoards:130 - board STM32F7308-DK has no document id list !
2020-07-07 03:49:12,167 [WARN] DbBoards:130 - board STM32F7508-DK has no document id list !
2020-07-07 03:49:12,167 [WARN] DbBoards:130 - board STM32L0538-DISCO has no document id list !
2020-07-07 03:49:12,167 [WARN] DbBoards:130 - board STM32L100C-DISCO has no document id list !
2020-07-07 03:49:12,168 [WARN] DbBoards:130 - board STM32L-DISCOVERY has no document id list !
2020-07-07 03:49:12,168 [WARN] DbBoards:130 - board STM32L152C-DISCO has no document id list !
2020-07-07 03:49:12,168 [WARN] DbBoards:130 - board STM32L476G-DISCO has no document id list !
2020-07-07 03:49:12,168 [WARN] DbBoards:130 - board STM32F412G-DISCO has no document id list !
2020-07-07 03:49:12,168 [WARN] DbBoards:130 - board STM32F413H-DISCO has no document id list !
2020-07-07 03:49:12,169 [WARN] DbBoards:130 - board STM32VLDISCOVERY has no document id list !
2020-07-07 03:49:12,169 [WARN] DbBoards:130 - board STM32L496G-DISCO has no document id list !
2020-07-07 03:49:12,169 [WARN] DbBoards:130 - board B-L475E-IOT01A1 has no document id list !
2020-07-07 03:49:12,169 [WARN] DbBoards:130 - board STM32G071B-DISCO has no document id list !
2020-07-07 03:49:12,169 [WARN] DbBoards:130 - board STM32G0316-DISCO has no document id list !
2020-07-07 03:49:12,170 [WARN] DbBoards:130 - board STM32H747I-DISCO has no document id list !
2020-07-07 03:49:12,170 [WARN] DbBoards:130 - board STM32H747I-DISC1 has no document id list !
2020-07-07 03:49:12,170 [WARN] DbBoards:130 - board STM32H745I-DISCO has no document id list !
2020-07-07 03:49:12,170 [WARN] DbBoards:130 - board STM32H750B-DK has no document id list !
2020-07-07 03:49:12,170 [WARN] DbBoards:130 - board STM32H7B3I-DK has no document id list !
2020-07-07 03:49:12,171 [WARN] DbBoards:130 - board STM32L4R9I-DISCO has no document id list !
2020-07-07 03:49:12,171 [WARN] DbBoards:130 - board B-L072Z-LRWAN1 has no document id list !
2020-07-07 03:49:12,171 [WARN] DbBoards:130 - board STM32MP157A-DK1 has no document id list !
2020-07-07 03:49:12,171 [WARN] DbBoards:130 - board STM32MP157C-DK2 has no document id list !
2020-07-07 03:49:12,171 [WARN] DbBoards:130 - board STM32L562E-DK has no document id list !
2020-07-07 03:49:12,172 [WARN] DbBoards:130 - board STM32L4P5G-DK has no document id list !
2020-07-07 03:49:12,172 [WARN] DbBoards:130 - board STM32072B-EVAL has no document id list !
2020-07-07 03:49:12,172 [WARN] DbBoards:130 - board STM32091C-EVAL has no document id list !
2020-07-07 03:49:12,172 [WARN] DbBoards:130 - board STM3210C-EVAL has no document id list !
2020-07-07 03:49:12,172 [WARN] DbBoards:130 - board STM3210E-EVAL has no document id list !
2020-07-07 03:49:12,172 [WARN] DbBoards:130 - board STM32100E-EVAL has no document id list !
2020-07-07 03:49:12,173 [WARN] DbBoards:130 - board STM3220G-EVAL has no document id list !
2020-07-07 03:49:12,173 [WARN] DbBoards:130 - board STM3221G-EVAL has no document id list !
2020-07-07 03:49:12,173 [WARN] DbBoards:130 - board STM32303C-EVAL has no document id list !
2020-07-07 03:49:12,173 [WARN] DbBoards:130 - board STM32303E-EVAL has no document id list !
2020-07-07 03:49:12,173 [WARN] DbBoards:130 - board STM32373C-EVAL has no document id list !
2020-07-07 03:49:12,173 [WARN] DbBoards:130 - board STM3240G-EVAL has no document id list !
2020-07-07 03:49:12,174 [WARN] DbBoards:130 - board STM3241G-EVAL has no document id list !
2020-07-07 03:49:12,174 [WARN] DbBoards:130 - board STM32429I-EVAL1 has no document id list !
2020-07-07 03:49:12,174 [WARN] DbBoards:130 - board STM32439I-EVAL2 has no document id list !
2020-07-07 03:49:12,174 [WARN] DbBoards:130 - board STM32L152D-EVAL has no document id list !
2020-07-07 03:49:12,174 [WARN] DbBoards:130 - board STM32446E-EVAL has no document id list !
2020-07-07 03:49:12,175 [WARN] DbBoards:130 - board STM32746G-EVAL2 has no document id list !
2020-07-07 03:49:12,175 [WARN] DbBoards:130 - board STM32756G-EVAL2 has no document id list !
2020-07-07 03:49:12,175 [WARN] DbBoards:130 - board STM32F769I-EVAL has no document id list !
2020-07-07 03:49:12,175 [WARN] DbBoards:130 - board STM32F779I-EVAL has no document id list !
2020-07-07 03:49:12,175 [WARN] DbBoards:130 - board STM32L476G-EVAL has no document id list !
2020-07-07 03:49:12,175 [WARN] DbBoards:130 - board STM32469I-EVAL has no document id list !
2020-07-07 03:49:12,175 [WARN] DbBoards:130 - board STM32479I-EVAL has no document id list !
2020-07-07 03:49:12,176 [WARN] DbBoards:130 - board STM32L073Z-EVAL has no document id list !
2020-07-07 03:49:12,176 [WARN] DbBoards:130 - board STM32H743I-EVAL has no document id list !
2020-07-07 03:49:12,176 [WARN] DbBoards:130 - board STM32H743I-EVAL2 has no document id list !
2020-07-07 03:49:12,176 [WARN] DbBoards:130 - board STM32H753I-EVAL has no document id list !
2020-07-07 03:49:12,176 [WARN] DbBoards:130 - board STM32H7B3I-EVAL has no document id list !
2020-07-07 03:49:12,177 [WARN] DbBoards:130 - board STM32G081B-EVAL has no document id list !
2020-07-07 03:49:12,177 [WARN] DbBoards:130 - board STM32H753I-EVAL2 has no document id list !
2020-07-07 03:49:12,177 [WARN] DbBoards:130 - board STM32H747I-EVAL has no document id list !
2020-07-07 03:49:12,177 [WARN] DbBoards:130 - board STM32H757I-EVAL has no document id list !
2020-07-07 03:49:12,177 [WARN] DbBoards:130 - board STM32L4R9I-EVAL has no document id list !
2020-07-07 03:49:12,177 [WARN] DbBoards:130 - board STM32MP157C-EV1 has no document id list !
2020-07-07 03:49:12,178 [WARN] DbBoards:130 - board STM32MP157A-EV1 has no document id list !
2020-07-07 03:49:12,178 [WARN] DbBoards:130 - board STM32G474E-EVAL has no document id list !
2020-07-07 03:49:12,178 [WARN] DbBoards:130 - board STM32G474E-EVAL1 has no document id list !
2020-07-07 03:49:12,178 [WARN] DbBoards:130 - board STM32G484E-EVAL has no document id list !
2020-07-07 03:49:12,178 [WARN] DbBoards:130 - board STM32L552E-EV has no document id list !
2020-07-07 03:49:12,179 [WARN] DbBoards:130 - board STEVAL-BFA001V1B has no document id list !
2020-07-07 03:49:12,179 [WARN] DbBoards:130 - board STEVAL-BFA001V2B has no document id list !
2020-07-07 03:49:12,179 [WARN] DbBoards:130 - board STEVAL-MKSBOX1V1 has no document id list !
2020-07-07 03:49:12,179 [WARN] DbBoards:130 - board STEVAL-STWINKT1 has no document id list !
2020-07-07 03:49:12,179 [WARN] DbBoards:130 - board STEVAL-IDP005V1 has no document id list !
2020-07-07 03:49:12,180 [WARN] DbBoards:130 - board STEVAL-IDP005V2 has no document id list !
2020-07-07 03:49:12,620 [INFO] ServerAccessManage:348 - Download File STMicroelectronics.X-CUBE-MEMS1.pdsc
2020-07-07 03:49:14,950 [INFO] ServerAccessManage:348 - Download File STMicroelectronics.X-CUBE-NFC4.pdsc
2020-07-07 03:49:14,999 [INFO] ApiDb:147 - User favorites file not found: C:\Users\tlswh/.stm32cubeide/favorites.boards.txt
2020-07-07 03:49:14,999 [INFO] DbBoards:209 - Set 0 / 0 favorites Boards
2020-07-07 03:49:15,001 [INFO] ApiDb:186 - Save user favorites file C:\Users\tlswh/.stm32cubeide/favorites.boards.txt: 0 item(s)
2020-07-07 03:49:15,002 [INFO] ApiDb:191 - User favorites Boards=[]
2020-07-07 03:49:15,010 [INFO] DbBoardsPdsc:92 - Found 22 items
2020-07-07 03:49:15,019 [INFO] DbBoardsPdsc:92 - Found 9 items
2020-07-07 03:49:15,025 [INFO] DbBoardsPdsc:92 - Found 28 items
2020-07-07 03:49:15,028 [INFO] DbBoardsPdsc:92 - Found 1 items
2020-07-07 03:49:15,033 [INFO] DbBoardsPdsc:92 - Found 40 items
2020-07-07 03:49:15,040 [INFO] DbBoardsPdsc:92 - Found 39 items
2020-07-07 03:49:15,044 [INFO] DbBoardsPdsc:92 - Found 2 items
2020-07-07 03:49:15,047 [INFO] DbBoardsPdsc:92 - Found 4 items
2020-07-07 03:49:15,050 [WARN] DbBoardsPdsc:256 - Board STM32H7B3I-DK: unknown feature type=Audio, name=, username=Audio stereo codec with Headphone Amp (CS42L51-CNZ), n=1
2020-07-07 03:49:15,050 [WARN] DbBoardsPdsc:256 - Board STM32H7B3I-DK: unknown feature type=WIFI, name=, username=WIFI 802.11 b/g/n, n=1
2020-07-07 03:49:15,053 [WARN] DbBoardsPdsc:256 - Board STM32H7B3I-EVAL: unknown feature type=Audio, name=, username=Multi-Channel Audio Codec (CS42L51-CNZ), n=1
2020-07-07 03:49:15,053 [WARN] DbBoardsPdsc:256 - Board STM32H7B3I-EVAL: unknown feature type=Meter, name=, username=Power-metering and Temperature-monitoring with sigma-delta modulators, n=1
2020-07-07 03:49:15,053 [WARN] DbBoardsPdsc:256 - Board STM32H7B3I-EVAL: unknown feature type=WIFI, name=, username=WIFI 802.11 a/b/g/n, n=1
2020-07-07 03:49:15,054 [WARN] DbBoardsPdsc:256 - Board STM32H7B3I-EVAL: unknown feature type=Motor, name=, username=Motor Control, n=1
2020-07-07 03:49:15,076 [INFO] DbBoardsJson:80 - JSON generation date=Tue Feb 11 22:53:55 KST 2020 (1581429235)
2020-07-07 03:49:15,084 [INFO] DbBoards:120 - Found 145 boards (142 are supported by CubeMX)
2020-07-07 03:49:15,092 [INFO] DbBoardsDocs:131 - JSON generation date=Wed Feb 12 00:02:54 KST 2020 (1581433374)
2020-07-07 03:49:15,107 [INFO] DbBoardsDocs:70 - Found 173 boards documents
2020-07-07 03:49:15,108 [WARN] DbBoards:130 - board NUCLEO-H743ZI2 has no document id list !
2020-07-07 03:49:15,108 [WARN] DbBoards:130 - board NUCLEO-L4P5ZG has no document id list !
2020-07-07 03:49:15,110 [WARN] DbBoards:130 - board P-NUCLEO-WB55-Nucleo has no document id list !
2020-07-07 03:49:15,110 [WARN] DbBoards:130 - board P-NUCLEO-WB55-USBDongle has no document id list !
2020-07-07 03:49:15,111 [WARN] DbBoards:130 - board NUCLEO-WB35CE has no document id list !
2020-07-07 03:49:15,112 [WARN] DbBoards:130 - board STM32F401C-DISCO has no document id list !
2020-07-07 03:49:15,113 [WARN] DbBoards:130 - board STM32F769I-DISC1 has no document id list !
2020-07-07 03:49:15,114 [WARN] DbBoards:130 - board STM32L-DISCOVERY has no document id list !
2020-07-07 03:49:15,115 [WARN] DbBoards:130 - board STM32H747I-DISC1 has no document id list !
2020-07-07 03:49:15,115 [WARN] DbBoards:130 - board STM32MP157A-DK1 has no document id list !
2020-07-07 03:49:15,116 [WARN] DbBoards:130 - board STM32L4P5G-DK has no document id list !
2020-07-07 03:49:15,116 [WARN] DbBoards:130 - board STM32100E-EVAL has no document id list !
2020-07-07 03:49:15,116 [WARN] DbBoards:130 - board STM32303C-EVAL has no document id list !
2020-07-07 03:49:15,117 [WARN] DbBoards:130 - board STM32L152D-EVAL has no document id list !
2020-07-07 03:49:15,117 [WARN] DbBoards:130 - board STM32H743I-EVAL2 has no document id list !
2020-07-07 03:49:15,118 [WARN] DbBoards:130 - board STM32H753I-EVAL2 has no document id list !
2020-07-07 03:49:15,118 [WARN] DbBoards:130 - board STM32G474E-EVAL1 has no document id list !
2020-07-07 03:49:15,118 [WARN] DbBoards:130 - board STEVAL-BFA001V1B has no document id list !
2020-07-07 03:49:15,119 [WARN] DbBoards:130 - board STEVAL-BFA001V2B has no document id list !
2020-07-07 03:49:15,119 [WARN] DbBoards:130 - board STEVAL-MKSBOX1V1 has no document id list !
2020-07-07 03:49:15,119 [WARN] DbBoards:130 - board STEVAL-STWINKT1 has no document id list !
2020-07-07 03:49:15,119 [WARN] DbBoards:130 - board STEVAL-IDP005V1 has no document id list !
2020-07-07 03:49:15,119 [WARN] DbBoards:130 - board STEVAL-IDP005V2 has no document id list !
2020-07-07 03:49:16,349 [INFO] ApiDb:158 - Load user favorites file C:\Users\tlswh/.stm32cubeide/favorites.boards.txt: 0 item(s)
2020-07-07 03:49:16,349 [INFO] ApiDb:163 - User favorites Boards=[]
2020-07-07 03:49:16,350 [INFO] DbBoards:209 - Set 0 / 0 favorites Boards
2020-07-07 03:49:16,741 [ERROR] MultiScanPanel:745 - Unable to refresh data
2020-07-07 03:49:16,743 [INFO] McuFilterPanel:249 - Update 0 favorites MCUs
2020-07-07 03:49:17,043 [WARN] BoardDetailPanel:183 - Failed to get advertising image, set to default
2020-07-07 03:49:17,080 [ERROR] DbUtils:100 - File not found: C:\Users\tlswh\.stmcufinder\plugins\mcufinder//mcu/mcusAds.json._tmp_
2020-07-07 03:49:17,080 [ERROR] DbFile:108 - Temporary file not found: C:\Users\tlswh\.stmcufinder\plugins\mcufinder\mcu\mcusAds.json._tmp_
2020-07-07 03:49:17,081 [ERROR] DbUtils:100 - File not found: C:\Users\tlswh\.stmcufinder\plugins\mcufinder//mcu/mcusDocs.json._tmp_
2020-07-07 03:49:17,081 [WARN] DbUtils:203 - Warning! success is not a boolean!
2020-07-07 03:49:17,081 [ERROR] DbMcusDocs:79 - No MCUs documents found !
2020-07-07 03:49:17,081 [ERROR] DbFile:108 - Temporary file not found: C:\Users\tlswh\.stmcufinder\plugins\mcufinder\mcu\mcusDocs.json._tmp_
2020-07-07 03:49:17,124 [INFO] ServerAccessManage:348 - Download File STMicroelectronics.X-CUBE-SUBG2.pdsc
2020-07-07 03:49:17,131 [INFO] DbMcusDocs:142 - JSON generation date=Wed Feb 12 00:02:54 KST 2020 (1581433374)
2020-07-07 03:49:17,131 [ERROR] DbMcusDocs:79 - No MCUs documents found !
2020-07-07 03:49:17,139 [INFO] ApiDb:186 - Save user favorites file C:\Users\tlswh/.stm32cubeide/favorites.mcus.txt: 0 item(s)
2020-07-07 03:49:17,139 [INFO] ApiDb:191 - User favorites MCUs=[]
2020-07-07 03:49:17,139 [INFO] DbMcusXml:110 - Load MCU database from C:\ST\STM32CubeIDE_1.3.0\STM32CubeIDE\plugins\com.st.stm32cube.common.mx_5.6.0.202002181639\\db\/mcu/families.xml
2020-07-07 03:49:17,427 [ERROR] DbUtils:100 - File not found: C:\Users\tlswh\.stmcufinder\plugins\mcufinder//mcu/mcusFeaturesAndDescription.json._tmp_
2020-07-07 03:49:17,427 [WARN] DbUtils:203 - Warning! success is not a boolean!
2020-07-07 03:49:17,427 [ERROR] DbFile:108 - Temporary file not found: C:\Users\tlswh\.stmcufinder\plugins\mcufinder\mcu\mcusFeaturesAndDescription.json._tmp_
2020-07-07 03:49:17,431 [INFO] DbMcus:171 - Found 1670 MCUs (1625 are supported by CubeMX, 1625 are visible in CubeMX)
2020-07-07 03:49:17,432 [INFO] ApiDb:158 - Load user favorites file C:\Users\tlswh/.stm32cubeide/favorites.mcus.txt: 0 item(s)
2020-07-07 03:49:17,433 [INFO] ApiDb:163 - User favorites MCUs=[]
2020-07-07 03:49:17,433 [INFO] DbMcus:183 - Set 0 / 0 favorites MCUs
2020-07-07 03:49:17,663 [INFO] McuFilterPanel:249 - Update 0 favorites MCUs
2020-07-07 03:49:18,113 [ERROR] DbUtils:100 - File not found: C:\Users\tlswh\.stmcufinder\plugins\mcufinder//mcu/boardsDocs.json._tmp_
2020-07-07 03:49:18,114 [WARN] DbUtils:203 - Warning! success is not a boolean!
2020-07-07 03:49:18,114 [ERROR] DbBoardsDocs:72 - No boards documents found !
2020-07-07 03:49:18,114 [ERROR] DbFile:108 - Temporary file not found: C:\Users\tlswh\.stmcufinder\plugins\mcufinder\mcu\boardsDocs.json._tmp_
2020-07-07 03:49:18,116 [INFO] ApiDb:186 - Save user favorites file C:\Users\tlswh/.stm32cubeide/favorites.boards.txt: 0 item(s)
2020-07-07 03:49:18,116 [INFO] ApiDb:191 - User favorites Boards=[]
2020-07-07 03:49:18,165 [INFO] DbBoardsPdsc:92 - Found 22 items
2020-07-07 03:49:18,178 [INFO] DbBoardsPdsc:92 - Found 9 items
2020-07-07 03:49:18,183 [INFO] DbBoardsPdsc:92 - Found 28 items
2020-07-07 03:49:18,187 [INFO] DbBoardsPdsc:92 - Found 1 items
2020-07-07 03:49:18,197 [INFO] DbBoardsPdsc:92 - Found 40 items
2020-07-07 03:49:18,207 [INFO] DbBoardsPdsc:92 - Found 39 items
2020-07-07 03:49:18,210 [INFO] DbBoardsPdsc:92 - Found 2 items
2020-07-07 03:49:18,214 [INFO] DbBoardsPdsc:92 - Found 4 items
2020-07-07 03:49:18,217 [WARN] DbBoardsPdsc:256 - Board STM32H7B3I-DK: unknown feature type=Audio, name=, username=Audio stereo codec with Headphone Amp (CS42L51-CNZ), n=1
2020-07-07 03:49:18,218 [WARN] DbBoardsPdsc:256 - Board STM32H7B3I-DK: unknown feature type=WIFI, name=, username=WIFI 802.11 b/g/n, n=1
2020-07-07 03:49:18,307 [WARN] DbBoardsPdsc:256 - Board STM32H7B3I-EVAL: unknown feature type=Audio, name=, username=Multi-Channel Audio Codec (CS42L51-CNZ), n=1
2020-07-07 03:49:18,308 [WARN] DbBoardsPdsc:256 - Board STM32H7B3I-EVAL: unknown feature type=Meter, name=, username=Power-metering and Temperature-monitoring with sigma-delta modulators, n=1
2020-07-07 03:49:18,308 [WARN] DbBoardsPdsc:256 - Board STM32H7B3I-EVAL: unknown feature type=WIFI, name=, username=WIFI 802.11 a/b/g/n, n=1
2020-07-07 03:49:18,308 [WARN] DbBoardsPdsc:256 - Board STM32H7B3I-EVAL: unknown feature type=Motor, name=, username=Motor Control, n=1
2020-07-07 03:49:18,310 [ERROR] DbUtils:100 - File not found: C:\Users\tlswh\.stmcufinder\plugins\mcufinder//mcu/boards.json._tmp_
2020-07-07 03:49:18,310 [WARN] DbUtils:203 - Warning! success is not a boolean!
2020-07-07 03:49:18,310 [ERROR] DbFile:108 - Temporary file not found: C:\Users\tlswh\.stmcufinder\plugins\mcufinder\mcu\boards.json._tmp_
2020-07-07 03:49:18,311 [INFO] DbBoards:120 - Found 145 boards (142 are supported by CubeMX)
2020-07-07 03:49:18,362 [INFO] DbBoardsDocs:131 - JSON generation date=Wed Feb 12 00:02:54 KST 2020 (1581433374)
2020-07-07 03:49:18,370 [ERROR] DbBoardsDocs:72 - No boards documents found !
2020-07-07 03:49:18,382 [INFO] DbBoardsDocs:131 - JSON generation date=Wed Feb 12 00:02:54 KST 2020 (1581433374)
2020-07-07 03:49:18,384 [ERROR] DbBoardsDocs:72 - No boards documents found !
2020-07-07 03:49:18,385 [WARN] DbBoards:130 - board NUCLEO-F303ZE has no document id list !
2020-07-07 03:49:18,385 [WARN] DbBoards:130 - board NUCLEO-F207ZG has no document id list !
2020-07-07 03:49:18,385 [WARN] DbBoards:130 - board NUCLEO-F429ZI has no document id list !
2020-07-07 03:49:18,385 [WARN] DbBoards:130 - board NUCLEO-F439ZI has no document id list !
2020-07-07 03:49:18,385 [WARN] DbBoards:130 - board NUCLEO-F446ZE has no document id list !
2020-07-07 03:49:18,386 [WARN] DbBoards:130 - board NUCLEO-F746ZG has no document id list !
2020-07-07 03:49:18,386 [WARN] DbBoards:130 - board NUCLEO-F767ZI has no document id list !
2020-07-07 03:49:18,386 [WARN] DbBoards:130 - board NUCLEO-F412ZG has no document id list !
2020-07-07 03:49:18,386 [WARN] DbBoards:130 - board NUCLEO-F413ZH has no document id list !
2020-07-07 03:49:18,386 [WARN] DbBoards:130 - board NUCLEO-L496ZG has no document id list !
2020-07-07 03:49:18,386 [WARN] DbBoards:130 - board NUCLEO-L496ZG-P has no document id list !
2020-07-07 03:49:18,386 [WARN] DbBoards:130 - board NUCLEO-L4R5ZI has no document id list !
2020-07-07 03:49:18,387 [WARN] DbBoards:130 - board NUCLEO-L4R5ZI-P has no document id list !
2020-07-07 03:49:18,387 [WARN] DbBoards:130 - board NUCLEO-F722ZE has no document id list !
2020-07-07 03:49:18,387 [WARN] DbBoards:130 - board NUCLEO-H743ZI has no document id list !
2020-07-07 03:49:18,387 [WARN] DbBoards:130 - board NUCLEO-H743ZI2 has no document id list !
2020-07-07 03:49:18,387 [WARN] DbBoards:130 - board NUCLEO-H753ZI has no document id list !
2020-07-07 03:49:18,387 [WARN] DbBoards:130 - board NUCLEO-H745ZI-Q has no document id list !
2020-07-07 03:49:18,388 [WARN] DbBoards:130 - board NUCLEO-H755ZI-Q has no document id list !
2020-07-07 03:49:18,388 [WARN] DbBoards:130 - board NUCLEO-H7A3ZI-Q has no document id list !
2020-07-07 03:49:18,388 [WARN] DbBoards:130 - board NUCLEO-L552ZE-Q has no document id list !
2020-07-07 03:49:18,388 [WARN] DbBoards:130 - board NUCLEO-L4P5ZG has no document id list !
2020-07-07 03:49:18,388 [WARN] DbBoards:130 - board NUCLEO-F042K6 has no document id list !
2020-07-07 03:49:18,389 [WARN] DbBoards:130 - board NUCLEO-F031K6 has no document id list !
2020-07-07 03:49:18,389 [WARN] DbBoards:130 - board NUCLEO-F303K8 has no document id list !
2020-07-07 03:49:18,389 [WARN] DbBoards:130 - board NUCLEO-L031K6 has no document id list !
2020-07-07 03:49:18,389 [WARN] DbBoards:130 - board NUCLEO-L011K4 has no document id list !
2020-07-07 03:49:18,389 [WARN] DbBoards:130 - board NUCLEO-L432KC has no document id list !
2020-07-07 03:49:18,390 [WARN] DbBoards:130 - board NUCLEO-L412KB has no document id list !
2020-07-07 03:49:18,390 [WARN] DbBoards:130 - board NUCLEO-G431KB has no document id list !
2020-07-07 03:49:18,390 [WARN] DbBoards:130 - board NUCLEO-G031K8 has no document id list !
2020-07-07 03:49:18,390 [WARN] DbBoards:130 - board NUCLEO-F030R8 has no document id list !
2020-07-07 03:49:18,390 [WARN] DbBoards:130 - board NUCLEO-F070RB has no document id list !
2020-07-07 03:49:18,390 [WARN] DbBoards:130 - board NUCLEO-F072RB has no document id list !
2020-07-07 03:49:18,390 [WARN] DbBoards:130 - board NUCLEO-F091RC has no document id list !
2020-07-07 03:49:18,391 [WARN] DbBoards:130 - board NUCLEO-F103RB has no document id list !
2020-07-07 03:49:18,391 [WARN] DbBoards:130 - board NUCLEO-F302R8 has no document id list !
2020-07-07 03:49:18,391 [WARN] DbBoards:130 - board NUCLEO-F303RE has no document id list !
2020-07-07 03:49:18,391 [WARN] DbBoards:130 - board NUCLEO-F334R8 has no document id list !
2020-07-07 03:49:18,391 [WARN] DbBoards:130 - board NUCLEO-F401RE has no document id list !
2020-07-07 03:49:18,391 [WARN] DbBoards:130 - board NUCLEO-F411RE has no document id list !
2020-07-07 03:49:18,392 [WARN] DbBoards:130 - board NUCLEO-L053R8 has no document id list !
2020-07-07 03:49:18,392 [WARN] DbBoards:130 - board NUCLEO-L152RE has no document id list !
2020-07-07 03:49:18,393 [WARN] DbBoards:130 - board NUCLEO-F446RE has no document id list !
2020-07-07 03:49:18,393 [WARN] DbBoards:130 - board NUCLEO-L476RG has no document id list !
2020-07-07 03:49:18,393 [WARN] DbBoards:130 - board NUCLEO-F410RB has no document id list !
2020-07-07 03:49:18,393 [WARN] DbBoards:130 - board NUCLEO-L073RZ has no document id list !
2020-07-07 03:49:18,393 [WARN] DbBoards:130 - board NUCLEO-L010RB has no document id list !
2020-07-07 03:49:18,393 [WARN] DbBoards:130 - board NUCLEO-L452RE has no document id list !
2020-07-07 03:49:18,393 [WARN] DbBoards:130 - board NUCLEO-L452RE-P has no document id list !
2020-07-07 03:49:18,394 [WARN] DbBoards:130 - board NUCLEO-L433RC-P has no document id list !
2020-07-07 03:49:18,394 [WARN] DbBoards:130 - board NUCLEO-L412RB-P has no document id list !
2020-07-07 03:49:18,394 [WARN] DbBoards:130 - board NUCLEO-G071RB has no document id list !
2020-07-07 03:49:18,394 [WARN] DbBoards:130 - board NUCLEO-G070RB has no document id list !
2020-07-07 03:49:18,394 [WARN] DbBoards:130 - board P-NUCLEO-WB55-Nucleo has no document id list !
2020-07-07 03:49:18,394 [WARN] DbBoards:130 - board P-NUCLEO-WB55-USBDongle has no document id list !
2020-07-07 03:49:18,395 [WARN] DbBoards:130 - board NUCLEO-WB35CE has no document id list !
2020-07-07 03:49:18,395 [WARN] DbBoards:130 - board NUCLEO-G431RB has no document id list !
2020-07-07 03:49:18,395 [WARN] DbBoards:130 - board NUCLEO-G474RE has no document id list !
2020-07-07 03:49:18,396 [WARN] DbBoards:130 - board P-NUCLEO-WB55 has no document id list !
2020-07-07 03:49:18,396 [WARN] DbBoards:130 - board STM32F0DISCOVERY has no document id list !
2020-07-07 03:49:18,397 [WARN] DbBoards:130 - board STM32F0308-DISCO has no document id list !
2020-07-07 03:49:18,397 [WARN] DbBoards:130 - board STM32F072B-DISCO has no document id list !
2020-07-07 03:49:18,397 [WARN] DbBoards:130 - board STM32F3DISCOVERY has no document id list !
2020-07-07 03:49:18,397 [WARN] DbBoards:130 - board STM32F3348-DISCO has no document id list !
2020-07-07 03:49:18,397 [WARN] DbBoards:130 - board STM32F401C-DISCO has no document id list !
2020-07-07 03:49:18,397 [WARN] DbBoards:130 - board STM32F411E-DISCO has no document id list !
2020-07-07 03:49:18,398 [WARN] DbBoards:130 - board STM32F407G-DISC1 has no document id list !
2020-07-07 03:49:18,398 [WARN] DbBoards:130 - board STM32F429I-DISC1 has no document id list !
2020-07-07 03:49:18,398 [WARN] DbBoards:130 - board STM32F469I-DISCO has no document id list !
2020-07-07 03:49:18,398 [WARN] DbBoards:130 - board STM32F746G-DISCO has no document id list !
2020-07-07 03:49:18,398 [WARN] DbBoards:130 - board STM32F769I-DISCO has no document id list !
2020-07-07 03:49:18,398 [WARN] DbBoards:130 - board STM32F769I-DISC1 has no document id list !
2020-07-07 03:49:18,398 [WARN] DbBoards:130 - board STM32F723E-DISCO has no document id list !
2020-07-07 03:49:18,399 [WARN] DbBoards:130 - board B-G474E-DPOW1 has no document id list !
2020-07-07 03:49:18,399 [WARN] DbBoards:130 - board STM32F7308-DK has no document id list !
2020-07-07 03:49:18,399 [WARN] DbBoards:130 - board STM32F7508-DK has no document id list !
2020-07-07 03:49:18,399 [WARN] DbBoards:130 - board STM32L0538-DISCO has no document id list !
2020-07-07 03:49:18,399 [WARN] DbBoards:130 - board STM32L100C-DISCO has no document id list !
2020-07-07 03:49:18,399 [WARN] DbBoards:130 - board STM32L-DISCOVERY has no document id list !
2020-07-07 03:49:18,399 [WARN] DbBoards:130 - board STM32L152C-DISCO has no document id list !
2020-07-07 03:49:18,400 [WARN] DbBoards:130 - board STM32L476G-DISCO has no document id list !
2020-07-07 03:49:18,400 [WARN] DbBoards:130 - board STM32F412G-DISCO has no document id list !
2020-07-07 03:49:18,400 [WARN] DbBoards:130 - board STM32F413H-DISCO has no document id list !
2020-07-07 03:49:18,400 [WARN] DbBoards:130 - board STM32VLDISCOVERY has no document id list !
2020-07-07 03:49:18,400 [WARN] DbBoards:130 - board STM32L496G-DISCO has no document id list !
2020-07-07 03:49:18,400 [WARN] DbBoards:130 - board B-L475E-IOT01A1 has no document id list !
2020-07-07 03:49:18,401 [WARN] DbBoards:130 - board STM32G071B-DISCO has no document id list !
2020-07-07 03:49:18,401 [WARN] DbBoards:130 - board STM32G0316-DISCO has no document id list !
2020-07-07 03:49:18,401 [WARN] DbBoards:130 - board STM32H747I-DISCO has no document id list !
2020-07-07 03:49:18,401 [WARN] DbBoards:130 - board STM32H747I-DISC1 has no document id list !
2020-07-07 03:49:18,401 [WARN] DbBoards:130 - board STM32H745I-DISCO has no document id list !
2020-07-07 03:49:18,401 [WARN] DbBoards:130 - board STM32H750B-DK has no document id list !
2020-07-07 03:49:18,401 [WARN] DbBoards:130 - board STM32H7B3I-DK has no document id list !
2020-07-07 03:49:18,402 [WARN] DbBoards:130 - board STM32L4R9I-DISCO has no document id list !
2020-07-07 03:49:18,402 [WARN] DbBoards:130 - board B-L072Z-LRWAN1 has no document id list !
2020-07-07 03:49:18,402 [WARN] DbBoards:130 - board STM32MP157A-DK1 has no document id list !
2020-07-07 03:49:18,403 [WARN] DbBoards:130 - board STM32MP157C-DK2 has no document id list !
2020-07-07 03:49:18,403 [WARN] DbBoards:130 - board STM32L562E-DK has no document id list !
2020-07-07 03:49:18,403 [WARN] DbBoards:130 - board STM32L4P5G-DK has no document id list !
2020-07-07 03:49:18,403 [WARN] DbBoards:130 - board STM32072B-EVAL has no document id list !
2020-07-07 03:49:18,403 [WARN] DbBoards:130 - board STM32091C-EVAL has no document id list !
2020-07-07 03:49:18,403 [WARN] DbBoards:130 - board STM3210C-EVAL has no document id list !
2020-07-07 03:49:18,404 [WARN] DbBoards:130 - board STM3210E-EVAL has no document id list !
2020-07-07 03:49:18,404 [WARN] DbBoards:130 - board STM32100E-EVAL has no document id list !
2020-07-07 03:49:18,404 [WARN] DbBoards:130 - board STM3220G-EVAL has no document id list !
2020-07-07 03:49:18,404 [WARN] DbBoards:130 - board STM3221G-EVAL has no document id list !
2020-07-07 03:49:18,404 [WARN] DbBoards:130 - board STM32303C-EVAL has no document id list !
2020-07-07 03:49:18,404 [WARN] DbBoards:130 - board STM32303E-EVAL has no document id list !
2020-07-07 03:49:18,404 [WARN] DbBoards:130 - board STM32373C-EVAL has no document id list !
2020-07-07 03:49:18,405 [WARN] DbBoards:130 - board STM3240G-EVAL has no document id list !
2020-07-07 03:49:18,405 [WARN] DbBoards:130 - board STM3241G-EVAL has no document id list !
2020-07-07 03:49:18,405 [WARN] DbBoards:130 - board STM32429I-EVAL1 has no document id list !
2020-07-07 03:49:18,405 [WARN] DbBoards:130 - board STM32439I-EVAL2 has no document id list !
2020-07-07 03:49:18,405 [WARN] DbBoards:130 - board STM32L152D-EVAL has no document id list !
2020-07-07 03:49:18,405 [WARN] DbBoards:130 - board STM32446E-EVAL has no document id list !
2020-07-07 03:49:18,405 [WARN] DbBoards:130 - board STM32746G-EVAL2 has no document id list !
2020-07-07 03:49:18,406 [WARN] DbBoards:130 - board STM32756G-EVAL2 has no document id list !
2020-07-07 03:49:18,406 [WARN] DbBoards:130 - board STM32F769I-EVAL has no document id list !
2020-07-07 03:49:18,406 [WARN] DbBoards:130 - board STM32F779I-EVAL has no document id list !
2020-07-07 03:49:18,406 [WARN] DbBoards:130 - board STM32L476G-EVAL has no document id list !
2020-07-07 03:49:18,406 [WARN] DbBoards:130 - board STM32469I-EVAL has no document id list !
2020-07-07 03:49:18,406 [WARN] DbBoards:130 - board STM32479I-EVAL has no document id list !
2020-07-07 03:49:18,406 [WARN] DbBoards:130 - board STM32L073Z-EVAL has no document id list !
2020-07-07 03:49:18,406 [WARN] DbBoards:130 - board STM32H743I-EVAL has no document id list !
2020-07-07 03:49:18,407 [WARN] DbBoards:130 - board STM32H743I-EVAL2 has no document id list !
2020-07-07 03:49:18,407 [WARN] DbBoards:130 - board STM32H753I-EVAL has no document id list !
2020-07-07 03:49:18,407 [WARN] DbBoards:130 - board STM32H7B3I-EVAL has no document id list !
2020-07-07 03:49:18,407 [WARN] DbBoards:130 - board STM32G081B-EVAL has no document id list !
2020-07-07 03:49:18,407 [WARN] DbBoards:130 - board STM32H753I-EVAL2 has no document id list !
2020-07-07 03:49:18,407 [WARN] DbBoards:130 - board STM32H747I-EVAL has no document id list !
2020-07-07 03:49:18,407 [WARN] DbBoards:130 - board STM32H757I-EVAL has no document id list !
2020-07-07 03:49:18,408 [WARN] DbBoards:130 - board STM32L4R9I-EVAL has no document id list !
2020-07-07 03:49:18,408 [WARN] DbBoards:130 - board STM32MP157C-EV1 has no document id list !
2020-07-07 03:49:18,408 [WARN] DbBoards:130 - board STM32MP157A-EV1 has no document id list !
2020-07-07 03:49:18,408 [WARN] DbBoards:130 - board STM32G474E-EVAL has no document id list !
2020-07-07 03:49:18,408 [WARN] DbBoards:130 - board STM32G474E-EVAL1 has no document id list !
2020-07-07 03:49:18,408 [WARN] DbBoards:130 - board STM32G484E-EVAL has no document id list !
2020-07-07 03:49:18,408 [WARN] DbBoards:130 - board STM32L552E-EV has no document id list !
2020-07-07 03:49:18,409 [WARN] DbBoards:130 - board STEVAL-BFA001V1B has no document id list !
2020-07-07 03:49:18,409 [WARN] DbBoards:130 - board STEVAL-BFA001V2B has no document id list !
2020-07-07 03:49:18,409 [WARN] DbBoards:130 - board STEVAL-MKSBOX1V1 has no document id list !
2020-07-07 03:49:18,409 [WARN] DbBoards:130 - board STEVAL-STWINKT1 has no document id list !
2020-07-07 03:49:18,409 [WARN] DbBoards:130 - board STEVAL-IDP005V1 has no document id list !
2020-07-07 03:49:18,409 [WARN] DbBoards:130 - board STEVAL-IDP005V2 has no document id list !
2020-07-07 03:49:18,739 [INFO] ServerAccessManage:348 - Download File STMicroelectronics.X-CUBE-TOUCHGFX.pdsc
2020-07-07 03:49:19,568 [INFO] ApiDb:158 - Load user favorites file C:\Users\tlswh/.stm32cubeide/favorites.boards.txt: 0 item(s)
2020-07-07 03:49:19,568 [INFO] ApiDb:163 - User favorites Boards=[]
2020-07-07 03:49:19,568 [INFO] DbBoards:209 - Set 0 / 0 favorites Boards
2020-07-07 03:49:19,575 [INFO] BoardFilterPanel:211 - Update 0 favorites Boards
2020-07-07 03:49:19,779 [ERROR] MultiScanPanel:745 - Unable to refresh data
2020-07-07 03:49:19,780 [INFO] BoardFilterPanel:211 - Update 0 favorites Boards
2020-07-07 03:49:19,821 [INFO] ServerAccessManage:348 - Download File STMicroelectronics.X-CUBE-ALGOBUILD.pdsc
2020-07-07 03:49:19,937 [INFO] CrossSelectorPresenter:1319 - Cross Selector saved comparison directory: C:\Users\tlswh\.stmcufinder\plugins\mcufinder\mcu\cs_comparisons_mx
2020-07-07 03:49:20,127 [INFO] LoadServerUpdatesThread:301 - End of LoadServerUpdate Thread
2020-07-07 03:49:20,223 [INFO] ThirdPartyDb:295 - Open Third Party DataBase File (C:/Users/tlswh/.stm32cubemx/plugins/thirdparty/db/thirdparties_db.xml) : 0 ms. number of Sw pack : 0
2020-07-07 03:49:20,399 [INFO] ThirdPartyDb:261 - Close Third Party DataBase File (C:/Users/tlswh/.stm32cubemx/plugins/thirdparty/db/thirdparties_db.xml)
2020-07-07 03:49:20,499 [INFO] CheckServerUpdateThread:92 - End of CheckServer Thread
2020-07-07 03:49:20,527 [INFO] ThirdPartyDb:295 - Open Third Party DataBase File (C:/Users/tlswh/.stm32cubemx/plugins/thirdparty/db/thirdparties_db.xml) : 2 ms. number of Sw pack : 1
2020-07-07 03:49:20,543 [INFO] ThirdPartyDb:261 - Close Third Party DataBase File (C:/Users/tlswh/.stm32cubemx/plugins/thirdparty/db/thirdparties_db.xml)
2020-07-07 03:49:20,615 [INFO] ThirdPartyDb:295 - Open Third Party DataBase File (C:/Users/tlswh/.stm32cubemx/plugins/thirdparty/db/thirdparties_db.xml) : 1 ms. number of Sw pack : 2
2020-07-07 03:49:20,632 [INFO] ThirdPartyDb:261 - Close Third Party DataBase File (C:/Users/tlswh/.stm32cubemx/plugins/thirdparty/db/thirdparties_db.xml)
2020-07-07 03:49:20,762 [INFO] ThirdPartyDb:295 - Open Third Party DataBase File (C:/Users/tlswh/.stm32cubemx/plugins/thirdparty/db/thirdparties_db.xml) : 1 ms. number of Sw pack : 3
2020-07-07 03:49:20,771 [INFO] ThirdPartyDb:261 - Close Third Party DataBase File (C:/Users/tlswh/.stm32cubemx/plugins/thirdparty/db/thirdparties_db.xml)
2020-07-07 03:49:20,860 [INFO] ThirdPartyDb:295 - Open Third Party DataBase File (C:/Users/tlswh/.stm32cubemx/plugins/thirdparty/db/thirdparties_db.xml) : 2 ms. number of Sw pack : 4
2020-07-07 03:49:21,136 [INFO] ThirdPartyDb:261 - Close Third Party DataBase File (C:/Users/tlswh/.stm32cubemx/plugins/thirdparty/db/thirdparties_db.xml)
2020-07-07 03:49:21,581 [INFO] ThirdPartyDb:295 - Open Third Party DataBase File (C:/Users/tlswh/.stm32cubemx/plugins/thirdparty/db/thirdparties_db.xml) : 7 ms. number of Sw pack : 5
2020-07-07 03:49:21,592 [INFO] ThirdPartyDb:261 - Close Third Party DataBase File (C:/Users/tlswh/.stm32cubemx/plugins/thirdparty/db/thirdparties_db.xml)
2020-07-07 03:49:21,813 [INFO] ThirdPartyDb:295 - Open Third Party DataBase File (C:/Users/tlswh/.stm32cubemx/plugins/thirdparty/db/thirdparties_db.xml) : 8 ms. number of Sw pack : 6
2020-07-07 03:49:21,821 [INFO] ThirdPartyDb:261 - Close Third Party DataBase File (C:/Users/tlswh/.stm32cubemx/plugins/thirdparty/db/thirdparties_db.xml)
2020-07-07 03:49:21,921 [INFO] ThirdPartyDb:295 - Open Third Party DataBase File (C:/Users/tlswh/.stm32cubemx/plugins/thirdparty/db/thirdparties_db.xml) : 6 ms. number of Sw pack : 7
2020-07-07 03:49:21,925 [INFO] ThirdPartyDb:261 - Close Third Party DataBase File (C:/Users/tlswh/.stm32cubemx/plugins/thirdparty/db/thirdparties_db.xml)
2020-07-07 03:49:22,128 [INFO] ThirdPartyDb:295 - Open Third Party DataBase File (C:/Users/tlswh/.stm32cubemx/plugins/thirdparty/db/thirdparties_db.xml) : 6 ms. number of Sw pack : 8
2020-07-07 03:49:22,138 [INFO] ThirdPartyDb:261 - Close Third Party DataBase File (C:/Users/tlswh/.stm32cubemx/plugins/thirdparty/db/thirdparties_db.xml)
2020-07-07 03:49:22,210 [INFO] PopulateThirdPartyThread:48 - Ending populate Thread
2020-07-07 03:49:22,257 [INFO] ThirdPartyDb:295 - Open Third Party DataBase File (C:/Users/tlswh/.stm32cubemx/plugins/thirdparty/db/thirdparties_db.xml) : 6 ms. number of Sw pack : 9
2020-07-07 03:49:22,259 [INFO] Engine:366 - softwarePackList size : 9
2020-07-07 03:49:22,308 [INFO] Engine:378 - compute dependency for SwPack X-CUBE-AI have been done, and update is requested
2020-07-07 03:49:22,321 [INFO] Engine:378 - compute dependency for SwPack X-CUBE-BLE1 have been done, and update is requested
2020-07-07 03:49:22,336 [INFO] Engine:378 - compute dependency for SwPack X-CUBE-BLE2 have been done, and update is requested
2020-07-07 03:49:22,347 [INFO] Engine:378 - compute dependency for SwPack X-CUBE-GNSS1 have been done, and update is requested
2020-07-07 03:49:22,752 [INFO] Engine:378 - compute dependency for SwPack X-CUBE-MEMS1 have been done, and update is requested
2020-07-07 03:49:22,764 [INFO] Engine:378 - compute dependency for SwPack X-CUBE-NFC4 have been done, and update is requested
2020-07-07 03:49:22,771 [INFO] Engine:378 - compute dependency for SwPack X-CUBE-SUBG2 have been done, and update is requested
2020-07-07 03:49:22,776 [INFO] Engine:382 - compute dependency for SwPack X-CUBE-TOUCHGFX have been done, no update is requested
2020-07-07 03:49:22,778 [INFO] Engine:378 - compute dependency for SwPack X-CUBE-ALGOBUILD have been done, and update is requested
2020-07-07 03:49:22,783 [INFO] ThirdPartyDb:261 - Close Third Party DataBase File (C:/Users/tlswh/.stm32cubemx/plugins/thirdparty/db/thirdparties_db.xml)
2020-07-07 03:49:23,311 [INFO] ThirdPartyDb:295 - Open Third Party DataBase File (C:/Users/tlswh/.stm32cubemx/plugins/thirdparty/db/thirdparties_db.xml) : 16 ms. number of Sw pack : 9
2020-07-07 03:49:23,340 [INFO] ThirdParty:899 - CMSIS Pack Vendor :STMicroelectronics X-CUBE-AI 5.1.1
2020-07-07 03:49:23,343 [INFO] ThirdParty:899 - CMSIS Pack Vendor :STMicroelectronics X-CUBE-BLE1 5.0.0
2020-07-07 03:49:23,343 [INFO] ThirdParty:899 - CMSIS Pack Vendor :STMicroelectronics X-CUBE-AI 5.1.1
2020-07-07 03:49:23,345 [INFO] ThirdParty:899 - CMSIS Pack Vendor :STMicroelectronics X-CUBE-BLE1 5.0.0
2020-07-07 03:49:23,345 [INFO] ThirdParty:899 - CMSIS Pack Vendor :STMicroelectronics X-CUBE-AI 5.1.1
2020-07-07 03:49:23,345 [INFO] ThirdParty:899 - CMSIS Pack Vendor :STMicroelectronics X-CUBE-BLE2 1.0.0
2020-07-07 03:49:23,404 [INFO] ThirdParty:899 - CMSIS Pack Vendor :STMicroelectronics X-CUBE-BLE1 5.0.0
2020-07-07 03:49:23,404 [INFO] ThirdParty:899 - CMSIS Pack Vendor :STMicroelectronics X-CUBE-GNSS1 4.1.0
2020-07-07 03:49:23,405 [INFO] ThirdParty:899 - CMSIS Pack Vendor :STMicroelectronics X-CUBE-AI 5.1.1
2020-07-07 03:49:23,405 [INFO] ThirdParty:899 - CMSIS Pack Vendor :STMicroelectronics X-CUBE-BLE2 1.0.0
2020-07-07 03:49:23,661 [INFO] ThirdParty:899 - CMSIS Pack Vendor :STMicroelectronics X-CUBE-BLE1 5.0.0
2020-07-07 03:49:23,661 [INFO] ThirdParty:899 - CMSIS Pack Vendor :STMicroelectronics X-CUBE-GNSS1 4.1.0
2020-07-07 03:49:23,661 [INFO] ThirdParty:899 - CMSIS Pack Vendor :STMicroelectronics X-CUBE-AI 5.1.1
2020-07-07 03:49:23,662 [INFO] ThirdParty:899 - CMSIS Pack Vendor :STMicroelectronics X-CUBE-MEMS1 7.2.0
2020-07-07 03:49:23,662 [INFO] ThirdParty:899 - CMSIS Pack Vendor :STMicroelectronics X-CUBE-BLE2 1.0.0
2020-07-07 03:49:23,724 [INFO] ThirdParty:899 - CMSIS Pack Vendor :STMicroelectronics X-CUBE-BLE1 5.0.0
2020-07-07 03:49:23,725 [INFO] ThirdParty:899 - CMSIS Pack Vendor :STMicroelectronics X-CUBE-GNSS1 4.1.0
2020-07-07 03:49:23,725 [INFO] ThirdParty:899 - CMSIS Pack Vendor :STMicroelectronics X-CUBE-NFC4 1.5.2
2020-07-07 03:49:23,725 [INFO] ThirdParty:899 - CMSIS Pack Vendor :STMicroelectronics X-CUBE-AI 5.1.1
2020-07-07 03:49:23,725 [INFO] ThirdParty:899 - CMSIS Pack Vendor :STMicroelectronics X-CUBE-MEMS1 7.2.0
2020-07-07 03:49:23,725 [INFO] ThirdParty:899 - CMSIS Pack Vendor :STMicroelectronics X-CUBE-BLE2 1.0.0
2020-07-07 03:49:23,744 [INFO] ThirdParty:899 - CMSIS Pack Vendor :STMicroelectronics X-CUBE-BLE1 5.0.0
2020-07-07 03:49:23,744 [INFO] ThirdParty:899 - CMSIS Pack Vendor :STMicroelectronics X-CUBE-SUBG2 1.1.0
2020-07-07 03:49:23,744 [INFO] ThirdParty:899 - CMSIS Pack Vendor :STMicroelectronics X-CUBE-GNSS1 4.1.0
2020-07-07 03:49:23,744 [INFO] ThirdParty:899 - CMSIS Pack Vendor :STMicroelectronics X-CUBE-NFC4 1.5.2
2020-07-07 03:49:23,744 [INFO] ThirdParty:899 - CMSIS Pack Vendor :STMicroelectronics X-CUBE-AI 5.1.1
2020-07-07 03:49:23,744 [INFO] ThirdParty:899 - CMSIS Pack Vendor :STMicroelectronics X-CUBE-MEMS1 7.2.0
2020-07-07 03:49:23,745 [INFO] ThirdParty:899 - CMSIS Pack Vendor :STMicroelectronics X-CUBE-BLE2 1.0.0
2020-07-07 03:49:23,760 [INFO] ThirdParty:899 - CMSIS Pack Vendor :STMicroelectronics X-CUBE-BLE1 5.0.0
2020-07-07 03:49:23,760 [INFO] ThirdParty:899 - CMSIS Pack Vendor :STMicroelectronics X-CUBE-SUBG2 1.1.0
2020-07-07 03:49:23,760 [INFO] ThirdParty:899 - CMSIS Pack Vendor :STMicroelectronics X-CUBE-GNSS1 4.1.0
2020-07-07 03:49:23,760 [INFO] ThirdParty:899 - CMSIS Pack Vendor :STMicroelectronics X-CUBE-TOUCHGFX 4.13.0
2020-07-07 03:49:23,761 [INFO] ThirdParty:899 - CMSIS Pack Vendor :STMicroelectronics X-CUBE-NFC4 1.5.2
2020-07-07 03:49:23,761 [INFO] ThirdParty:899 - CMSIS Pack Vendor :STMicroelectronics X-CUBE-AI 5.1.1
2020-07-07 03:49:23,761 [INFO] ThirdParty:899 - CMSIS Pack Vendor :STMicroelectronics X-CUBE-MEMS1 7.2.0
2020-07-07 03:49:23,761 [INFO] ThirdParty:899 - CMSIS Pack Vendor :STMicroelectronics X-CUBE-BLE2 1.0.0
2020-07-07 03:49:23,801 [INFO] ThirdParty:899 - CMSIS Pack Vendor :STMicroelectronics X-CUBE-BLE1 5.0.0
2020-07-07 03:49:23,802 [INFO] ThirdParty:899 - CMSIS Pack Vendor :STMicroelectronics X-CUBE-SUBG2 1.1.0
2020-07-07 03:49:23,802 [INFO] ThirdParty:899 - CMSIS Pack Vendor :STMicroelectronics X-CUBE-GNSS1 4.1.0
2020-07-07 03:49:23,802 [INFO] ThirdParty:899 - CMSIS Pack Vendor :STMicroelectronics X-CUBE-TOUCHGFX 4.13.0
2020-07-07 03:49:23,802 [INFO] ThirdParty:899 - CMSIS Pack Vendor :STMicroelectronics X-CUBE-NFC4 1.5.2
2020-07-07 03:49:23,802 [INFO] ThirdParty:899 - CMSIS Pack Vendor :STMicroelectronics X-CUBE-AI 5.1.1
2020-07-07 03:49:23,802 [INFO] ThirdParty:899 - CMSIS Pack Vendor :STMicroelectronics X-CUBE-MEMS1 7.2.0
2020-07-07 03:49:23,802 [INFO] ThirdParty:899 - CMSIS Pack Vendor :STMicroelectronics X-CUBE-ALGOBUILD 1.0.0
2020-07-07 03:49:23,802 [INFO] ThirdParty:899 - CMSIS Pack Vendor :STMicroelectronics X-CUBE-BLE2 1.0.0
2020-07-07 03:52:17,816 [INFO] LogOutputStream:76 - [STDOUT_REDIRECT] withoutVersionV1.7.0
2020-07-07 03:52:18,341 [INFO] LogOutputStream:76 - [STDOUT_REDIRECT] File copied successfully!!
2020-07-07 03:52:24,840 [INFO] MainUpdater:2230 - connection check result : 10
2020-07-07 03:52:24,931 [INFO] MicroXplorer:390 - Change Database Path : 
2020-07-07 03:52:24,931 [INFO] MicroXplorer:420 - Change Database Version : DB.5.0.60
2020-07-07 03:52:24,935 [INFO] PinOutPanel:1420 - setPackage(No Configuration,No Configuration)
2020-07-07 03:52:24,936 [INFO] UtilMem:74 - Begin LoadConfig() Used Memory: 362758040 Bytes (447741952)
2020-07-07 03:52:24,962 [INFO] MicroXplorer:390 - Change Database Path : 
2020-07-07 03:52:24,962 [INFO] MicroXplorer:420 - Change Database Version : DB.5.0.60
2020-07-07 03:52:24,969 [INFO] OpenFileManager:274 - Change cursor
2020-07-07 03:52:38,910 [INFO] ImportTextPane:162 - (OptionalMessage_ERROR) Unable to find key (Mcu.ThirdPartyNb) in loaded IOC file
2020-07-07 03:52:38,911 [INFO] ImportTextPane:162 - (OptionalMessage_ERROR) Unable to find key (Mcu.ContextNb) in loaded IOC file
2020-07-07 03:52:38,912 [INFO] ImportTextPane:162 - (OptionalMessage_ERROR) Unable to find key (Mcu.PinsNb) in loaded IOC file
2020-07-07 03:52:38,912 [INFO] ImportTextPane:162 - (OptionalMessage_ERROR) Unable to find key (Mcu.IPNb) in loaded IOC file
2020-07-07 03:52:39,521 [INFO] UtilMem:74 - End LoadConfig() Used Memory: 423115376 Bytes (674234368)
2020-07-07 03:52:40,738 [INFO] PinOutPanel:1420 - setPackage(No Configuration,No Configuration)
2020-07-07 03:52:40,740 [INFO] PinOutPanel:1420 - setPackage(STM32H745XIHx,TFBGA240)
2020-07-07 03:52:42,271 [INFO] UtilMem:74 - Before build in PCC Used Memory: 432651432 Bytes (674234368)
2020-07-07 03:52:43,607 [INFO] SharedServices:71 - Folder for power plug-in: C:/Users/tlswh/.stm32cubemx/plugins/power
2020-07-07 03:52:43,686 [INFO] SharedServices:71 - Folder for power plug-in: C:/Users/tlswh/.stm32cubemx/plugins/power
2020-07-07 03:52:43,848 [INFO] SharedServices:71 - Folder for power plug-in: C:/Users/tlswh/.stm32cubemx/plugins/power
2020-07-07 03:52:43,863 [INFO] SharedServices:71 - Folder for power plug-in: C:/Users/tlswh/.stm32cubemx/plugins/power
2020-07-07 03:52:44,274 [INFO] UtilMem:74 - After build in PCC Used Memory: 552187000 Bytes (674234368)
2020-07-07 03:52:44,335 [INFO] IPUIPlugin:65 - create IPUIPlugin
2020-07-07 03:52:44,335 [INFO] IPUIPlugin:65 - create IPUIPlugin
2020-07-07 03:52:44,336 [INFO] IPUIPlugin:65 - create IPUIPlugin
2020-07-07 03:52:44,336 [INFO] IPUIPlugin:65 - create IPUIPlugin
2020-07-07 03:52:44,336 [INFO] IPUIPlugin:65 - create IPUIPlugin
2020-07-07 03:52:44,337 [INFO] IPUIPlugin:65 - create IPUIPlugin
2020-07-07 03:52:44,337 [INFO] IPUIPlugin:65 - create IPUIPlugin
2020-07-07 03:52:44,337 [INFO] IPUIPlugin:65 - create IPUIPlugin
2020-07-07 03:52:44,338 [INFO] IPUIPlugin:65 - create IPUIPlugin
2020-07-07 03:52:44,338 [INFO] IPUIPlugin:65 - create IPUIPlugin
2020-07-07 03:52:44,338 [INFO] IPUIPlugin:65 - create IPUIPlugin
2020-07-07 03:52:44,339 [INFO] IPUIPlugin:65 - create IPUIPlugin
2020-07-07 03:52:44,339 [INFO] IPUIPlugin:65 - create IPUIPlugin
2020-07-07 03:52:44,339 [INFO] IPUIPlugin:65 - create IPUIPlugin
2020-07-07 03:52:44,340 [INFO] IPUIPlugin:65 - create IPUIPlugin
2020-07-07 03:52:44,340 [INFO] IPUIPlugin:65 - create IPUIPlugin
2020-07-07 03:52:44,340 [INFO] IPUIPlugin:65 - create IPUIPlugin
2020-07-07 03:52:44,341 [INFO] IPUIPlugin:65 - create IPUIPlugin
2020-07-07 03:52:44,341 [INFO] IPUIPlugin:65 - create IPUIPlugin
2020-07-07 03:52:44,342 [INFO] IPUIPlugin:65 - create IPUIPlugin
2020-07-07 03:52:44,342 [INFO] IPUIPlugin:65 - create IPUIPlugin
2020-07-07 03:52:44,342 [INFO] IPUIPlugin:65 - create IPUIPlugin
2020-07-07 03:52:44,343 [INFO] IPUIPlugin:65 - create IPUIPlugin
2020-07-07 03:52:44,343 [INFO] IPUIPlugin:65 - create IPUIPlugin
2020-07-07 03:52:44,344 [INFO] IPUIPlugin:65 - create IPUIPlugin
2020-07-07 03:52:44,344 [INFO] IPUIPlugin:65 - create IPUIPlugin
2020-07-07 03:52:44,345 [INFO] IPUIPlugin:65 - create IPUIPlugin
2020-07-07 03:52:44,345 [INFO] IPUIPlugin:65 - create IPUIPlugin
2020-07-07 03:52:44,345 [INFO] IPUIPlugin:65 - create IPUIPlugin
2020-07-07 03:52:44,346 [INFO] IPUIPlugin:65 - create IPUIPlugin
2020-07-07 03:52:44,346 [INFO] IPUIPlugin:65 - create IPUIPlugin
2020-07-07 03:52:44,346 [INFO] IPUIPlugin:65 - create IPUIPlugin
2020-07-07 03:52:44,347 [INFO] IPUIPlugin:65 - create IPUIPlugin
2020-07-07 03:52:44,347 [INFO] IPUIPlugin:65 - create IPUIPlugin
2020-07-07 03:52:44,348 [INFO] IPUIPlugin:65 - create IPUIPlugin
2020-07-07 03:52:44,349 [INFO] IPUIPlugin:65 - create IPUIPlugin
2020-07-07 03:52:44,350 [INFO] IPUIPlugin:65 - create IPUIPlugin
2020-07-07 03:52:44,350 [INFO] IPUIPlugin:65 - create IPUIPlugin
2020-07-07 03:52:44,351 [INFO] IPUIPlugin:65 - create IPUIPlugin
2020-07-07 03:52:44,351 [INFO] IPUIPlugin:65 - create IPUIPlugin
2020-07-07 03:52:44,352 [INFO] IPUIPlugin:65 - create IPUIPlugin
2020-07-07 03:52:44,352 [INFO] IPUIPlugin:65 - create IPUIPlugin
2020-07-07 03:52:44,353 [INFO] IPUIPlugin:65 - create IPUIPlugin
2020-07-07 03:52:44,353 [INFO] IPUIPlugin:65 - create IPUIPlugin
2020-07-07 03:52:44,354 [INFO] IPUIPlugin:65 - create IPUIPlugin
2020-07-07 03:52:44,354 [INFO] IPUIPlugin:65 - create IPUIPlugin
2020-07-07 03:52:44,355 [INFO] IPUIPlugin:65 - create IPUIPlugin
2020-07-07 03:52:44,355 [INFO] IPUIPlugin:65 - create IPUIPlugin
2020-07-07 03:52:44,355 [INFO] IPUIPlugin:65 - create IPUIPlugin
2020-07-07 03:52:44,356 [INFO] IPUIPlugin:65 - create IPUIPlugin
2020-07-07 03:52:44,356 [INFO] IPUIPlugin:65 - create IPUIPlugin
2020-07-07 03:52:44,357 [INFO] IPUIPlugin:65 - create IPUIPlugin
2020-07-07 03:52:44,357 [INFO] IPUIPlugin:65 - create IPUIPlugin
2020-07-07 03:52:44,358 [INFO] IPUIPlugin:65 - create IPUIPlugin
2020-07-07 03:52:44,358 [INFO] IPUIPlugin:65 - create IPUIPlugin
2020-07-07 03:52:44,359 [INFO] IPUIPlugin:65 - create IPUIPlugin
2020-07-07 03:52:44,359 [INFO] IPUIPlugin:65 - create IPUIPlugin
2020-07-07 03:52:44,360 [INFO] IPUIPlugin:65 - create IPUIPlugin
2020-07-07 03:52:44,360 [INFO] IPUIPlugin:65 - create IPUIPlugin
2020-07-07 03:52:44,361 [INFO] IPUIPlugin:65 - create IPUIPlugin
2020-07-07 03:52:44,361 [INFO] IPUIPlugin:65 - create IPUIPlugin
2020-07-07 03:52:44,362 [INFO] IPUIPlugin:65 - create IPUIPlugin
2020-07-07 03:52:44,362 [INFO] IPUIPlugin:65 - create IPUIPlugin
2020-07-07 03:52:44,363 [INFO] IPUIPlugin:65 - create IPUIPlugin
2020-07-07 03:52:44,364 [INFO] IPUIPlugin:65 - create IPUIPlugin
2020-07-07 03:52:44,364 [INFO] IPUIPlugin:65 - create IPUIPlugin
2020-07-07 03:52:44,365 [INFO] IPUIPlugin:65 - create IPUIPlugin
2020-07-07 03:52:44,365 [INFO] IPUIPlugin:65 - create IPUIPlugin
2020-07-07 03:52:44,366 [INFO] IPUIPlugin:65 - create IPUIPlugin
2020-07-07 03:52:44,366 [INFO] IPUIPlugin:65 - create IPUIPlugin
2020-07-07 03:52:44,367 [INFO] IPUIPlugin:65 - create IPUIPlugin
2020-07-07 03:52:44,367 [INFO] IPUIPlugin:65 - create IPUIPlugin
2020-07-07 03:52:44,368 [INFO] IPUIPlugin:65 - create IPUIPlugin
2020-07-07 03:52:44,368 [INFO] IPUIPlugin:65 - create IPUIPlugin
2020-07-07 03:52:44,369 [INFO] IPUIPlugin:65 - create IPUIPlugin
2020-07-07 03:52:44,369 [INFO] IPUIPlugin:65 - create IPUIPlugin
2020-07-07 03:52:44,370 [INFO] IPUIPlugin:65 - create IPUIPlugin
2020-07-07 03:52:44,370 [INFO] IPUIPlugin:65 - create IPUIPlugin
2020-07-07 03:52:44,371 [INFO] IPUIPlugin:65 - create IPUIPlugin
2020-07-07 03:52:44,371 [INFO] IPUIPlugin:65 - create IPUIPlugin
2020-07-07 03:52:44,372 [INFO] IPUIPlugin:65 - create IPUIPlugin
2020-07-07 03:52:44,372 [INFO] IPUIPlugin:65 - create IPUIPlugin
2020-07-07 03:52:44,373 [INFO] IPUIPlugin:65 - create IPUIPlugin
2020-07-07 03:52:44,373 [INFO] IPUIPlugin:65 - create IPUIPlugin
2020-07-07 03:52:44,374 [INFO] IPUIPlugin:65 - create IPUIPlugin
2020-07-07 03:52:44,374 [INFO] IPUIPlugin:65 - create IPUIPlugin
2020-07-07 03:52:44,375 [INFO] IPUIPlugin:65 - create IPUIPlugin
2020-07-07 03:52:44,376 [INFO] IPUIPlugin:65 - create IPUIPlugin
2020-07-07 03:52:44,376 [INFO] IPUIPlugin:65 - create IPUIPlugin
2020-07-07 03:52:44,377 [INFO] IPUIPlugin:65 - create IPUIPlugin
2020-07-07 03:52:44,377 [INFO] IPUIPlugin:65 - create IPUIPlugin
2020-07-07 03:52:44,378 [INFO] IPUIPlugin:65 - create IPUIPlugin
2020-07-07 03:52:44,378 [INFO] IPUIPlugin:65 - create IPUIPlugin
2020-07-07 03:52:44,379 [INFO] IPUIPlugin:65 - create IPUIPlugin
2020-07-07 03:52:44,379 [INFO] IPUIPlugin:65 - create IPUIPlugin
2020-07-07 03:52:44,380 [INFO] IPUIPlugin:65 - create IPUIPlugin
2020-07-07 03:52:44,380 [INFO] IPUIPlugin:65 - create IPUIPlugin
2020-07-07 03:52:44,381 [INFO] IPUIPlugin:65 - create IPUIPlugin
2020-07-07 03:52:44,382 [INFO] IPUIPlugin:65 - create IPUIPlugin
2020-07-07 03:52:44,382 [INFO] IPUIPlugin:65 - create IPUIPlugin
2020-07-07 03:52:44,383 [INFO] IPUIPlugin:65 - create IPUIPlugin
2020-07-07 03:52:44,384 [INFO] IPUIPlugin:65 - create IPUIPlugin
2020-07-07 03:52:44,384 [INFO] IPUIPlugin:65 - create IPUIPlugin
2020-07-07 03:52:44,385 [INFO] IPUIPlugin:65 - create IPUIPlugin
2020-07-07 03:52:44,386 [INFO] IPUIPlugin:65 - create IPUIPlugin
2020-07-07 03:52:44,386 [INFO] IPUIPlugin:65 - create IPUIPlugin
2020-07-07 03:52:44,387 [INFO] IPUIPlugin:65 - create IPUIPlugin
2020-07-07 03:52:44,456 [INFO] LogOutputStream:76 - [STDOUT_REDIRECT] toolchainItems.length=====1
2020-07-07 03:52:44,618 [INFO] OpenFileManager:294 - Restore cursor
2020-07-07 03:52:45,524 [INFO] UtilMem:74 - End SaveConfig() Used Memory: 354613200 Bytes (674234368)
2020-07-07 03:52:47,398 [INFO] ServerAccessManage:348 - Download File stm32cube_fw_h7_v170.zip
2020-07-07 03:55:46,680 [INFO] FileExtend:225 - Unzip File : stm32cube_fw_h7_v170.zip
2020-07-07 03:55:46,682 [INFO] FileExtend:240 - Standard Zip Deflate
2020-07-07 04:04:13,731 [INFO] LoadServerPackagesThread:160 - End of LoadServerPackages Thread
2020-07-07 04:04:13,823 [INFO] CheckServerUpdateThread:92 - End of CheckServer Thread
2020-07-07 04:04:13,847 [INFO] UtilMem:74 - End SaveConfig() Used Memory: 474696496 Bytes (1073741824)
2020-07-07 04:04:15,181 [INFO] BlockDiagram:2671 - set Specific Code input for plugin: SYS
2020-07-07 04:04:15,182 [INFO] BlockDiagram:2671 - set Specific Code input for plugin: CORTEX_M4
2020-07-07 04:04:15,182 [INFO] BlockDiagram:2671 - set Specific Code input for plugin: CORTEX_M7
2020-07-07 04:04:15,182 [INFO] BlockDiagram:2671 - set Specific Code input for plugin: NVIC2
2020-07-07 04:04:15,183 [INFO] BlockDiagram:2671 - set Specific Code input for plugin: SYS
2020-07-07 04:04:15,184 [INFO] BlockDiagram:2671 - set Specific Code input for plugin: NVIC1
2020-07-07 04:04:15,224 [INFO] CodeGenerator:603 - code generatio: config db path: C:\ST\STM32CubeIDE_1.3.0\STM32CubeIDE\plugins\com.st.stm32cube.common.mx_5.6.0.202002181639\\db\
2020-07-07 04:04:16,739 [INFO] CodeEngine:188 - oldGeneratedFile, C:\Users\tlswh\Desktop\Workspace\MCU-workspace\test\MXTmpFiles\license.tmp_save
2020-07-07 04:04:17,867 [INFO] CodeEngine:206 - Generated code: C:\Users\tlswh\Desktop\Workspace\MCU-workspace\test\MXTmpFiles\license.tmp
2020-07-07 04:04:18,302 [WARN] IPConfigManager:90 - WARNING: Missing Config File for NVIC1 ip!!
2020-07-07 04:04:18,359 [INFO] LogOutputStream:76 - [STDOUT_REDIRECT] Command line
2020-07-07 04:04:18,362 [INFO] LogOutputStream:76 - [STDOUT_REDIRECT] Debug : prepare data for CORTEX_M7
2020-07-07 04:04:18,364 [INFO] LogOutputStream:76 - [STDOUT_REDIRECT] Command line test
2020-07-07 04:04:18,406 [INFO] CodeEngine:188 - oldGeneratedFile, C:\Users\tlswh\Desktop\Workspace\MCU-workspace\test\CM7\MXTmpFiles\cortex.tmp_save
2020-07-07 04:04:18,955 [INFO] CodeEngine:206 - Generated code: C:\Users\tlswh\Desktop\Workspace\MCU-workspace\test\CM7\MXTmpFiles\cortex.tmp
2020-07-07 04:04:18,967 [INFO] LogOutputStream:76 - [STDOUT_REDIRECT] Debug : prepare data for NVIC1
2020-07-07 04:04:18,969 [INFO] LogOutputStream:76 - [STDOUT_REDIRECT] Command line test
2020-07-07 04:04:19,274 [INFO] CodeEngine:188 - oldGeneratedFile, C:\Users\tlswh\Desktop\Workspace\MCU-workspace\test\CM7\Core\Src\stm32h7xx_it.c_save
2020-07-07 04:04:20,115 [INFO] CodeEngine:206 - Generated code: C:\Users\tlswh\Desktop\Workspace\MCU-workspace\test\CM7\Core\Src\stm32h7xx_it.c
2020-07-07 04:04:20,147 [INFO] CodeEngine:188 - oldGeneratedFile, C:\Users\tlswh\Desktop\Workspace\MCU-workspace\test\CM7\Core\Inc\stm32h7xx_it.h_save
2020-07-07 04:04:20,469 [INFO] CodeEngine:206 - Generated code: C:\Users\tlswh\Desktop\Workspace\MCU-workspace\test\CM7\Core\Inc\stm32h7xx_it.h
2020-07-07 04:04:20,676 [INFO] CodeEngine:188 - oldGeneratedFile, C:\Users\tlswh\Desktop\Workspace\MCU-workspace\test\CM7\Core\Src\stm32h7xx_hal_msp.c_save
2020-07-07 04:04:21,162 [INFO] CodeEngine:206 - Generated code: C:\Users\tlswh\Desktop\Workspace\MCU-workspace\test\CM7\Core\Src\stm32h7xx_hal_msp.c
2020-07-07 04:04:21,242 [INFO] CodeEngine:188 - oldGeneratedFile, C:\Users\tlswh\Desktop\Workspace\MCU-workspace\test\CM7\MXTmpFiles\system.tmp_save
2020-07-07 04:04:21,588 [INFO] CodeEngine:206 - Generated code: C:\Users\tlswh\Desktop\Workspace\MCU-workspace\test\CM7\MXTmpFiles\system.tmp
2020-07-07 04:04:21,649 [INFO] CodeEngine:188 - oldGeneratedFile, C:\Users\tlswh\Desktop\Workspace\MCU-workspace\test\CM7\Core\Inc\stm32h7xx_hal_conf.h_save
2020-07-07 04:04:22,267 [INFO] CodeEngine:206 - Generated code: C:\Users\tlswh\Desktop\Workspace\MCU-workspace\test\CM7\Core\Inc\stm32h7xx_hal_conf.h
2020-07-07 04:04:22,377 [WARN] IPConfigManager:2701 - IP not found : NVIC
2020-07-07 04:04:22,380 [WARN] CodeGenerator:2649 - IP not found : NVIC
2020-07-07 04:04:22,444 [INFO] CodeEngine:188 - oldGeneratedFile, C:\Users\tlswh\Desktop\Workspace\MCU-workspace\test\CM7\Core\Inc\main.h_save
2020-07-07 04:04:23,069 [INFO] CodeEngine:206 - Generated code: C:\Users\tlswh\Desktop\Workspace\MCU-workspace\test\CM7\Core\Inc\main.h
2020-07-07 04:04:23,148 [INFO] CodeEngine:188 - oldGeneratedFile, C:\Users\tlswh\Desktop\Workspace\MCU-workspace\test\CM7\Core\Src\main.c_save
2020-07-07 04:04:23,760 [INFO] CodeEngine:206 - Generated code: C:\Users\tlswh\Desktop\Workspace\MCU-workspace\test\CM7\Core\Src\main.c
2020-07-07 04:04:24,648 [INFO] CodeEngine:188 - oldGeneratedFile, C:\Users\tlswh\Desktop\Workspace\MCU-workspace\test\MXTmpFiles\license.tmp_save
2020-07-07 04:04:24,813 [INFO] CodeEngine:206 - Generated code: C:\Users\tlswh\Desktop\Workspace\MCU-workspace\test\MXTmpFiles\license.tmp
2020-07-07 04:04:24,831 [WARN] IPConfigManager:90 - WARNING: Missing Config File for NVIC2 ip!!
2020-07-07 04:04:24,842 [INFO] LogOutputStream:76 - [STDOUT_REDIRECT] Command line
2020-07-07 04:04:24,846 [INFO] LogOutputStream:76 - [STDOUT_REDIRECT] Debug : prepare data for CORTEX_M4
2020-07-07 04:04:24,848 [INFO] LogOutputStream:76 - [STDOUT_REDIRECT] Command line test
2020-07-07 04:04:24,872 [INFO] CodeEngine:188 - oldGeneratedFile, C:\Users\tlswh\Desktop\Workspace\MCU-workspace\test\CM4\MXTmpFiles\cortex.tmp_save
2020-07-07 04:04:25,001 [INFO] CodeEngine:206 - Generated code: C:\Users\tlswh\Desktop\Workspace\MCU-workspace\test\CM4\MXTmpFiles\cortex.tmp
2020-07-07 04:04:25,007 [INFO] LogOutputStream:76 - [STDOUT_REDIRECT] Debug : prepare data for NVIC2
2020-07-07 04:04:25,008 [INFO] LogOutputStream:76 - [STDOUT_REDIRECT] Command line test
2020-07-07 04:04:25,027 [INFO] CodeEngine:188 - oldGeneratedFile, C:\Users\tlswh\Desktop\Workspace\MCU-workspace\test\CM4\Core\Src\stm32h7xx_it.c_save
2020-07-07 04:04:25,186 [INFO] CodeEngine:206 - Generated code: C:\Users\tlswh\Desktop\Workspace\MCU-workspace\test\CM4\Core\Src\stm32h7xx_it.c
2020-07-07 04:04:25,211 [INFO] CodeEngine:188 - oldGeneratedFile, C:\Users\tlswh\Desktop\Workspace\MCU-workspace\test\CM4\Core\Inc\stm32h7xx_it.h_save
2020-07-07 04:04:25,612 [INFO] CodeEngine:206 - Generated code: C:\Users\tlswh\Desktop\Workspace\MCU-workspace\test\CM4\Core\Inc\stm32h7xx_it.h
2020-07-07 04:04:25,914 [INFO] CodeEngine:188 - oldGeneratedFile, C:\Users\tlswh\Desktop\Workspace\MCU-workspace\test\CM4\Core\Src\stm32h7xx_hal_msp.c_save
2020-07-07 04:04:26,273 [INFO] CodeEngine:206 - Generated code: C:\Users\tlswh\Desktop\Workspace\MCU-workspace\test\CM4\Core\Src\stm32h7xx_hal_msp.c
2020-07-07 04:04:28,057 [INFO] CodeEngine:188 - oldGeneratedFile, C:\Users\tlswh\Desktop\Workspace\MCU-workspace\test\CM4\MXTmpFiles\system.tmp_save
2020-07-07 04:04:28,154 [INFO] CodeEngine:206 - Generated code: C:\Users\tlswh\Desktop\Workspace\MCU-workspace\test\CM4\MXTmpFiles\system.tmp
2020-07-07 04:04:28,171 [INFO] CodeEngine:188 - oldGeneratedFile, C:\Users\tlswh\Desktop\Workspace\MCU-workspace\test\CM4\Core\Inc\stm32h7xx_hal_conf.h_save
2020-07-07 04:04:28,268 [INFO] CodeEngine:206 - Generated code: C:\Users\tlswh\Desktop\Workspace\MCU-workspace\test\CM4\Core\Inc\stm32h7xx_hal_conf.h
2020-07-07 04:04:28,281 [WARN] IPConfigManager:2701 - IP not found : NVIC
2020-07-07 04:04:28,283 [WARN] CodeGenerator:2649 - IP not found : NVIC
2020-07-07 04:04:28,297 [INFO] CodeEngine:188 - oldGeneratedFile, C:\Users\tlswh\Desktop\Workspace\MCU-workspace\test\CM4\Core\Inc\main.h_save
2020-07-07 04:04:28,397 [INFO] CodeEngine:206 - Generated code: C:\Users\tlswh\Desktop\Workspace\MCU-workspace\test\CM4\Core\Inc\main.h
2020-07-07 04:04:28,415 [INFO] CodeEngine:188 - oldGeneratedFile, C:\Users\tlswh\Desktop\Workspace\MCU-workspace\test\CM4\Core\Src\main.c_save
2020-07-07 04:04:28,531 [INFO] CodeEngine:206 - Generated code: C:\Users\tlswh\Desktop\Workspace\MCU-workspace\test\CM4\Core\Src\main.c
2020-07-07 04:04:31,379 [INFO] ProjectBuilder:2002 - Time for Copy HAL[1] : 1318mS.
2020-07-07 04:04:31,409 [INFO] ProjectBuilder:2727 - Project Generator version: 3.7.1
2020-07-07 04:04:31,791 [INFO] ConfigFileManager:1066 - The Die is : DIE450
2020-07-07 04:05:02,213 [INFO] ProjectBuilder:2894 - Time for Generating toolchain IDE Files: 30804mS.
2020-07-07 04:05:02,216 [INFO] ProjectBuilder:1878 - Time for Copy CMSIS : 2mS.
2020-07-07 04:05:02,229 [INFO] ProjectBuilder:1878 - Time for Copy CMSIS : 0mS.
